<?xml version="1.0" ?>
<!DOCTYPE coverage
  SYSTEM 'http://cobertura.sourceforge.net/xml/coverage-03.dtd'>
<coverage branch-rate="0.0144133756126" line-rate="0.0297696396929" timestamp="1450968899" version="gcovr 3.2">
<sources>
<source>/Users/admin/Desktop/加油酷校/rcpi/rcpi</source>
</sources>
<packages>
<package branch-rate="0.0144133756126" complexity="0.0" line-rate="0.0297696396929" name="">
<classes>
<class branch-rate="0.0" complexity="0.0" filename="AddFriendsViewController.h" line-rate="0.0" name="AddFriendsViewController_h">
<methods/>
<lines>
<line branch="false" hits="0" number="14"/>
<line branch="false" hits="0" number="15"/>
<line branch="false" hits="0" number="16"/>
<line branch="false" hits="0" number="17"/>
<line branch="false" hits="0" number="18"/>
<line branch="false" hits="0" number="19"/>
<line branch="false" hits="0" number="20"/>
</lines>
</class>
<class branch-rate="0.0" complexity="0.0" filename="AddFriendsViewController.m" line-rate="0.0" name="AddFriendsViewController_m">
<methods/>
<lines>
<line branch="false" hits="0" number="17"/>
<line branch="false" hits="0" number="20"/>
<line branch="false" hits="0" number="22"/>
<line branch="false" hits="0" number="23"/>
<line branch="false" hits="0" number="24"/>
<line branch="true" condition-coverage="0% (0/2)" hits="0" number="25">
<conditions>
<condition coverage="0%" number="0" type="jump"/>
</conditions>
</line>
<line branch="false" hits="0" number="26"/>
<line branch="false" hits="0" number="27"/>
<line branch="false" hits="0" number="28"/>
<line branch="false" hits="0" number="29"/>
<line branch="false" hits="0" number="30"/>
<line branch="false" hits="0" number="31"/>
<line branch="false" hits="0" number="32"/>
<line branch="false" hits="0" number="33"/>
<line branch="false" hits="0" number="34"/>
<line branch="false" hits="0" number="35"/>
<line branch="false" hits="0" number="36"/>
<line branch="false" hits="0" number="38"/>
<line branch="true" condition-coverage="0% (0/2)" hits="0" number="39">
<conditions>
<condition coverage="0%" number="0" type="jump"/>
</conditions>
</line>
<line branch="true" condition-coverage="0% (0/2)" hits="0" number="40">
<conditions>
<condition coverage="0%" number="0" type="jump"/>
</conditions>
</line>
<line branch="false" hits="0" number="41"/>
<line branch="false" hits="0" number="42"/>
<line branch="false" hits="0" number="43"/>
<line branch="false" hits="0" number="44"/>
<line branch="false" hits="0" number="45"/>
<line branch="true" condition-coverage="0% (0/2)" hits="0" number="47">
<conditions>
<condition coverage="0%" number="0" type="jump"/>
</conditions>
</line>
<line branch="false" hits="0" number="48"/>
<line branch="false" hits="0" number="49"/>
<line branch="false" hits="0" number="50"/>
<line branch="false" hits="0" number="51"/>
<line branch="false" hits="0" number="52"/>
<line branch="false" hits="0" number="53"/>
<line branch="false" hits="0" number="55"/>
<line branch="false" hits="0" number="56"/>
<line branch="false" hits="0" number="57"/>
<line branch="false" hits="0" number="58"/>
<line branch="false" hits="0" number="59"/>
<line branch="false" hits="0" number="61"/>
<line branch="true" condition-coverage="0% (0/4)" hits="0" number="62">
<conditions>
<condition coverage="0%" number="0" type="jump"/>
</conditions>
</line>
<line branch="false" hits="0" number="63"/>
<line branch="false" hits="0" number="64"/>
<line branch="false" hits="0" number="65"/>
<line branch="false" hits="0" number="66"/>
<line branch="false" hits="0" number="67"/>
<line branch="false" hits="0" number="68"/>
<line branch="false" hits="0" number="69"/>
<line branch="true" condition-coverage="0% (0/2)" hits="0" number="70">
<conditions>
<condition coverage="0%" number="0" type="jump"/>
</conditions>
</line>
<line branch="false" hits="0" number="71"/>
<line branch="false" hits="0" number="72"/>
<line branch="false" hits="0" number="73"/>
<line branch="true" condition-coverage="0% (0/8)" hits="0" number="75">
<conditions>
<condition coverage="0%" number="0" type="jump"/>
</conditions>
</line>
<line branch="false" hits="0" number="76"/>
<line branch="false" hits="0" number="77"/>
<line branch="false" hits="0" number="78"/>
<line branch="false" hits="0" number="79"/>
<line branch="false" hits="0" number="80"/>
<line branch="false" hits="0" number="81"/>
<line branch="false" hits="0" number="82"/>
<line branch="false" hits="0" number="83"/>
<line branch="false" hits="0" number="84"/>
<line branch="false" hits="0" number="86"/>
<line branch="false" hits="0" number="87"/>
<line branch="false" hits="0" number="89"/>
<line branch="false" hits="0" number="90"/>
<line branch="false" hits="0" number="91"/>
<line branch="false" hits="0" number="92"/>
<line branch="false" hits="0" number="93"/>
<line branch="true" condition-coverage="0% (0/2)" hits="0" number="94">
<conditions>
<condition coverage="0%" number="0" type="jump"/>
</conditions>
</line>
<line branch="false" hits="0" number="95"/>
<line branch="false" hits="0" number="96"/>
<line branch="false" hits="0" number="97"/>
<line branch="true" condition-coverage="0% (0/2)" hits="0" number="99">
<conditions>
<condition coverage="0%" number="0" type="jump"/>
</conditions>
</line>
<line branch="false" hits="0" number="100"/>
<line branch="false" hits="0" number="101"/>
<line branch="false" hits="0" number="102"/>
<line branch="false" hits="0" number="103"/>
<line branch="false" hits="0" number="104"/>
<line branch="false" hits="0" number="105"/>
<line branch="false" hits="0" number="107"/>
<line branch="false" hits="0" number="108"/>
<line branch="false" hits="0" number="109"/>
<line branch="false" hits="0" number="110"/>
<line branch="false" hits="0" number="111"/>
<line branch="false" hits="0" number="113"/>
<line branch="false" hits="0" number="115"/>
<line branch="false" hits="0" number="116"/>
<line branch="false" hits="0" number="119"/>
<line branch="true" condition-coverage="0% (0/2)" hits="0" number="120">
<conditions>
<condition coverage="0%" number="0" type="jump"/>
</conditions>
</line>
<line branch="false" hits="0" number="121"/>
<line branch="false" hits="0" number="122"/>
<line branch="false" hits="0" number="123"/>
<line branch="true" condition-coverage="0% (0/2)" hits="0" number="124">
<conditions>
<condition coverage="0%" number="0" type="jump"/>
</conditions>
</line>
<line branch="false" hits="0" number="125"/>
<line branch="false" hits="0" number="126"/>
<line branch="false" hits="0" number="127"/>
<line branch="false" hits="0" number="129"/>
<line branch="false" hits="0" number="130"/>
<line branch="false" hits="0" number="131"/>
<line branch="false" hits="0" number="133"/>
<line branch="false" hits="0" number="134"/>
<line branch="false" hits="0" number="135"/>
<line branch="false" hits="0" number="136"/>
<line branch="false" hits="0" number="137"/>
<line branch="false" hits="0" number="138"/>
<line branch="false" hits="0" number="140"/>
<line branch="false" hits="0" number="141"/>
<line branch="false" hits="0" number="142"/>
<line branch="true" condition-coverage="0% (0/2)" hits="0" number="143">
<conditions>
<condition coverage="0%" number="0" type="jump"/>
</conditions>
</line>
<line branch="false" hits="0" number="144"/>
<line branch="false" hits="0" number="145"/>
<line branch="false" hits="0" number="146"/>
<line branch="false" hits="0" number="147"/>
<line branch="false" hits="0" number="148"/>
<line branch="false" hits="0" number="149"/>
<line branch="false" hits="0" number="150"/>
<line branch="false" hits="0" number="152"/>
<line branch="false" hits="0" number="153"/>
<line branch="false" hits="0" number="156"/>
<line branch="false" hits="0" number="157"/>
<line branch="false" hits="0" number="158"/>
<line branch="false" hits="0" number="159"/>
<line branch="false" hits="0" number="160"/>
<line branch="true" condition-coverage="0% (0/2)" hits="0" number="161">
<conditions>
<condition coverage="0%" number="0" type="jump"/>
</conditions>
</line>
<line branch="false" hits="0" number="162"/>
<line branch="false" hits="0" number="163"/>
<line branch="false" hits="0" number="164"/>
<line branch="true" condition-coverage="0% (0/2)" hits="0" number="166">
<conditions>
<condition coverage="0%" number="0" type="jump"/>
</conditions>
</line>
<line branch="false" hits="0" number="167"/>
<line branch="false" hits="0" number="168"/>
<line branch="false" hits="0" number="169"/>
<line branch="false" hits="0" number="170"/>
<line branch="false" hits="0" number="171"/>
<line branch="false" hits="0" number="172"/>
<line branch="false" hits="0" number="174"/>
<line branch="false" hits="0" number="175"/>
<line branch="false" hits="0" number="176"/>
<line branch="false" hits="0" number="177"/>
<line branch="false" hits="0" number="178"/>
<line branch="false" hits="0" number="180"/>
<line branch="false" hits="0" number="182"/>
<line branch="false" hits="0" number="184"/>
</lines>
</class>
<class branch-rate="0.0" complexity="0.0" filename="AddressBookTableViewController.m" line-rate="0.0" name="AddressBookTableViewController_m">
<methods/>
<lines>
<line branch="false" hits="0" number="17"/>
<line branch="false" hits="0" number="21"/>
<line branch="false" hits="0" number="24"/>
<line branch="false" hits="0" number="28"/>
<line branch="true" condition-coverage="0% (0/2)" hits="0" number="29">
<conditions>
<condition coverage="0%" number="0" type="jump"/>
</conditions>
</line>
<line branch="false" hits="0" number="30"/>
<line branch="false" hits="0" number="31"/>
<line branch="false" hits="0" number="32"/>
<line branch="false" hits="0" number="33"/>
<line branch="false" hits="0" number="34"/>
<line branch="false" hits="0" number="36"/>
<line branch="false" hits="0" number="37"/>
<line branch="false" hits="0" number="38"/>
<line branch="false" hits="0" number="39"/>
<line branch="false" hits="0" number="40"/>
<line branch="false" hits="0" number="42"/>
<line branch="false" hits="0" number="43"/>
<line branch="false" hits="0" number="44"/>
<line branch="true" condition-coverage="0% (0/2)" hits="0" number="45">
<conditions>
<condition coverage="0%" number="0" type="jump"/>
</conditions>
</line>
<line branch="false" hits="0" number="46"/>
<line branch="true" condition-coverage="0% (0/2)" hits="0" number="47">
<conditions>
<condition coverage="0%" number="0" type="jump"/>
</conditions>
</line>
<line branch="false" hits="0" number="48"/>
<line branch="false" hits="0" number="49"/>
<line branch="false" hits="0" number="50"/>
<line branch="true" condition-coverage="0% (0/2)" hits="0" number="51">
<conditions>
<condition coverage="0%" number="0" type="jump"/>
</conditions>
</line>
<line branch="false" hits="0" number="52"/>
<line branch="false" hits="0" number="53"/>
<line branch="false" hits="0" number="54"/>
<line branch="false" hits="0" number="55"/>
<line branch="false" hits="0" number="56"/>
<line branch="false" hits="0" number="57"/>
<line branch="false" hits="0" number="58"/>
<line branch="false" hits="0" number="59"/>
<line branch="false" hits="0" number="60"/>
<line branch="false" hits="0" number="65"/>
<line branch="false" hits="0" number="66"/>
<line branch="true" condition-coverage="0% (0/2)" hits="0" number="69">
<conditions>
<condition coverage="0%" number="0" type="jump"/>
</conditions>
</line>
<line branch="false" hits="0" number="70"/>
<line branch="true" condition-coverage="0% (0/2)" hits="0" number="72">
<conditions>
<condition coverage="0%" number="0" type="jump"/>
</conditions>
</line>
<line branch="false" hits="0" number="73"/>
<line branch="false" hits="0" number="76"/>
<line branch="false" hits="0" number="78"/>
<line branch="true" condition-coverage="0% (0/2)" hits="0" number="81">
<conditions>
<condition coverage="0%" number="0" type="jump"/>
</conditions>
</line>
<line branch="false" hits="0" number="83"/>
<line branch="true" condition-coverage="0% (0/2)" hits="0" number="84">
<conditions>
<condition coverage="0%" number="0" type="jump"/>
</conditions>
</line>
<line branch="false" hits="0" number="85"/>
<line branch="false" hits="0" number="86"/>
<line branch="false" hits="0" number="87"/>
<line branch="true" condition-coverage="0% (0/2)" hits="0" number="88">
<conditions>
<condition coverage="0%" number="0" type="jump"/>
</conditions>
</line>
<line branch="true" condition-coverage="0% (0/2)" hits="0" number="93">
<conditions>
<condition coverage="0%" number="0" type="jump"/>
</conditions>
</line>
<line branch="false" hits="0" number="94"/>
<line branch="false" hits="0" number="95"/>
<line branch="false" hits="0" number="96"/>
<line branch="false" hits="0" number="97"/>
<line branch="false" hits="0" number="98"/>
<line branch="false" hits="0" number="100"/>
<line branch="false" hits="0" number="101"/>
<line branch="false" hits="0" number="103"/>
<line branch="true" condition-coverage="0% (0/2)" hits="0" number="104">
<conditions>
<condition coverage="0%" number="0" type="jump"/>
</conditions>
</line>
<line branch="false" hits="0" number="105"/>
<line branch="false" hits="0" number="106"/>
<line branch="false" hits="0" number="107"/>
<line branch="true" condition-coverage="0% (0/2)" hits="0" number="108">
<conditions>
<condition coverage="0%" number="0" type="jump"/>
</conditions>
</line>
<line branch="false" hits="0" number="109"/>
<line branch="false" hits="0" number="110"/>
<line branch="false" hits="0" number="111"/>
<line branch="true" condition-coverage="0% (0/2)" hits="0" number="113">
<conditions>
<condition coverage="0%" number="0" type="jump"/>
</conditions>
</line>
<line branch="false" hits="0" number="114"/>
<line branch="false" hits="0" number="115"/>
<line branch="false" hits="0" number="116"/>
<line branch="false" hits="0" number="117"/>
<line branch="false" hits="0" number="119"/>
<line branch="false" hits="0" number="122"/>
<line branch="true" condition-coverage="0% (0/2)" hits="0" number="123">
<conditions>
<condition coverage="0%" number="0" type="jump"/>
</conditions>
</line>
<line branch="false" hits="0" number="127"/>
<line branch="true" condition-coverage="0% (0/2)" hits="0" number="128">
<conditions>
<condition coverage="0%" number="0" type="jump"/>
</conditions>
</line>
<line branch="false" hits="0" number="129"/>
<line branch="false" hits="0" number="130"/>
<line branch="false" hits="0" number="131"/>
<line branch="false" hits="0" number="133"/>
<line branch="true" condition-coverage="0% (0/4)" hits="0" number="135">
<conditions>
<condition coverage="0%" number="0" type="jump"/>
</conditions>
</line>
<line branch="false" hits="0" number="136"/>
<line branch="false" hits="0" number="138"/>
<line branch="false" hits="0" number="139"/>
<line branch="true" condition-coverage="0% (0/2)" hits="0" number="142">
<conditions>
<condition coverage="0%" number="0" type="jump"/>
</conditions>
</line>
<line branch="false" hits="0" number="143"/>
<line branch="true" condition-coverage="0% (0/2)" hits="0" number="145">
<conditions>
<condition coverage="0%" number="0" type="jump"/>
</conditions>
</line>
<line branch="false" hits="0" number="146"/>
<line branch="true" condition-coverage="0% (0/2)" hits="0" number="148">
<conditions>
<condition coverage="0%" number="0" type="jump"/>
</conditions>
</line>
<line branch="false" hits="0" number="149"/>
<line branch="false" hits="0" number="151"/>
<line branch="false" hits="0" number="152"/>
<line branch="false" hits="0" number="154"/>
<line branch="false" hits="0" number="156"/>
<line branch="false" hits="0" number="157"/>
<line branch="false" hits="0" number="158"/>
<line branch="false" hits="0" number="159"/>
<line branch="false" hits="0" number="160"/>
<line branch="false" hits="0" number="161"/>
<line branch="true" condition-coverage="0% (0/2)" hits="0" number="162">
<conditions>
<condition coverage="0%" number="0" type="jump"/>
</conditions>
</line>
<line branch="false" hits="0" number="163"/>
<line branch="false" hits="0" number="164"/>
<line branch="true" condition-coverage="0% (0/2)" hits="0" number="165">
<conditions>
<condition coverage="0%" number="0" type="jump"/>
</conditions>
</line>
<line branch="false" hits="0" number="166"/>
<line branch="false" hits="0" number="167"/>
<line branch="false" hits="0" number="169"/>
<line branch="false" hits="0" number="170"/>
<line branch="false" hits="0" number="174"/>
<line branch="false" hits="0" number="175"/>
</lines>
</class>
<class branch-rate="0.0" complexity="0.0" filename="AllCourseCell.h" line-rate="0.0" name="AllCourseCell_h">
<methods/>
<lines>
<line branch="false" hits="0" number="12"/>
<line branch="false" hits="0" number="14"/>
<line branch="false" hits="0" number="15"/>
</lines>
</class>
<class branch-rate="0.0" complexity="0.0" filename="AllCourseCell.m" line-rate="0.0" name="AllCourseCell_m">
<methods/>
<lines>
<line branch="false" hits="0" number="16"/>
<line branch="false" hits="0" number="11"/>
<line branch="false" hits="0" number="15"/>
</lines>
</class>
<class branch-rate="0.0" complexity="0.0" filename="AllCourseCtl.h" line-rate="0.0" name="AllCourseCtl_h">
<methods/>
<lines>
<line branch="false" hits="0" number="17"/>
<line branch="false" hits="0" number="18"/>
<line branch="false" hits="0" number="19"/>
<line branch="false" hits="0" number="20"/>
<line branch="false" hits="0" number="15"/>
</lines>
</class>
<class branch-rate="0.0" complexity="0.0" filename="AllCourseCtl.m" line-rate="0.0" name="AllCourseCtl_m">
<methods/>
<lines>
<line branch="false" hits="0" number="18"/>
<line branch="false" hits="0" number="21"/>
<line branch="false" hits="0" number="27"/>
<line branch="false" hits="0" number="28"/>
<line branch="false" hits="0" number="29"/>
<line branch="false" hits="0" number="30"/>
<line branch="false" hits="0" number="31"/>
<line branch="false" hits="0" number="34"/>
<line branch="false" hits="0" number="38"/>
<line branch="false" hits="0" number="39"/>
<line branch="false" hits="0" number="40"/>
<line branch="false" hits="0" number="41"/>
<line branch="true" condition-coverage="0% (0/2)" hits="0" number="42">
<conditions>
<condition coverage="0%" number="0" type="jump"/>
</conditions>
</line>
<line branch="false" hits="0" number="43"/>
<line branch="false" hits="0" number="44"/>
<line branch="false" hits="0" number="46"/>
<line branch="false" hits="0" number="49"/>
<line branch="false" hits="0" number="50"/>
<line branch="false" hits="0" number="52"/>
<line branch="false" hits="0" number="53"/>
<line branch="true" condition-coverage="0% (0/2)" hits="0" number="54">
<conditions>
<condition coverage="0%" number="0" type="jump"/>
</conditions>
</line>
<line branch="false" hits="0" number="55"/>
<line branch="false" hits="0" number="56"/>
<line branch="false" hits="0" number="58"/>
<line branch="false" hits="0" number="60"/>
<line branch="false" hits="0" number="61"/>
<line branch="false" hits="0" number="63"/>
<line branch="false" hits="0" number="64"/>
<line branch="true" condition-coverage="0% (0/2)" hits="0" number="65">
<conditions>
<condition coverage="0%" number="0" type="jump"/>
</conditions>
</line>
<line branch="false" hits="0" number="66"/>
<line branch="false" hits="0" number="67"/>
<line branch="false" hits="0" number="69"/>
<line branch="false" hits="0" number="71"/>
<line branch="false" hits="0" number="72"/>
<line branch="false" hits="0" number="74"/>
<line branch="true" condition-coverage="0% (0/2)" hits="0" number="76">
<conditions>
<condition coverage="0%" number="0" type="jump"/>
</conditions>
</line>
<line branch="false" hits="0" number="77"/>
<line branch="false" hits="0" number="78"/>
<line branch="false" hits="0" number="79"/>
<line branch="false" hits="0" number="84"/>
<line branch="false" hits="0" number="85"/>
<line branch="false" hits="0" number="87"/>
<line branch="false" hits="0" number="90"/>
<line branch="true" condition-coverage="0% (0/4)" hits="0" number="91">
<conditions>
<condition coverage="0%" number="0" type="jump"/>
</conditions>
</line>
<line branch="false" hits="0" number="92"/>
<line branch="false" hits="0" number="93"/>
<line branch="false" hits="0" number="94"/>
<line branch="false" hits="0" number="95"/>
<line branch="false" hits="0" number="96"/>
<line branch="false" hits="0" number="97"/>
<line branch="false" hits="0" number="98"/>
<line branch="false" hits="0" number="99"/>
<line branch="false" hits="0" number="103"/>
<line branch="true" condition-coverage="0% (0/2)" hits="0" number="106">
<conditions>
<condition coverage="0%" number="0" type="jump"/>
</conditions>
</line>
<line branch="false" hits="0" number="107"/>
<line branch="false" hits="0" number="109"/>
<line branch="false" hits="0" number="111"/>
<line branch="false" hits="0" number="114"/>
<line branch="false" hits="0" number="117"/>
<line branch="false" hits="0" number="118"/>
<line branch="false" hits="0" number="119"/>
<line branch="false" hits="0" number="120"/>
<line branch="true" condition-coverage="0% (0/2)" hits="0" number="121">
<conditions>
<condition coverage="0%" number="0" type="jump"/>
</conditions>
</line>
<line branch="false" hits="0" number="122"/>
<line branch="false" hits="0" number="123"/>
<line branch="false" hits="0" number="124"/>
<line branch="false" hits="0" number="129"/>
<line branch="false" hits="0" number="131"/>
<line branch="false" hits="0" number="132"/>
<line branch="false" hits="0" number="135"/>
<line branch="true" condition-coverage="0% (0/2)" hits="0" number="136">
<conditions>
<condition coverage="0%" number="0" type="jump"/>
</conditions>
</line>
<line branch="false" hits="0" number="137"/>
<line branch="false" hits="0" number="138"/>
<line branch="false" hits="0" number="139"/>
<line branch="true" condition-coverage="0% (0/2)" hits="0" number="140">
<conditions>
<condition coverage="0%" number="0" type="jump"/>
</conditions>
</line>
<line branch="false" hits="0" number="141"/>
<line branch="true" condition-coverage="0% (0/3)" hits="0" number="142">
<conditions>
<condition coverage="0%" number="0" type="jump"/>
</conditions>
</line>
<line branch="false" hits="0" number="144"/>
<line branch="false" hits="0" number="145"/>
<line branch="false" hits="0" number="147"/>
<line branch="false" hits="0" number="148"/>
<line branch="false" hits="0" number="150"/>
<line branch="false" hits="0" number="151"/>
<line branch="false" hits="0" number="153"/>
<line branch="false" hits="0" number="154"/>
<line branch="false" hits="0" number="155"/>
<line branch="false" hits="0" number="156"/>
<line branch="false" hits="0" number="157"/>
<line branch="false" hits="0" number="158"/>
<line branch="false" hits="0" number="159"/>
<line branch="false" hits="0" number="160"/>
<line branch="true" condition-coverage="0% (0/4)" hits="0" number="163">
<conditions>
<condition coverage="0%" number="0" type="jump"/>
</conditions>
</line>
<line branch="false" hits="0" number="164"/>
<line branch="false" hits="0" number="168"/>
<line branch="true" condition-coverage="0% (0/2)" hits="0" number="171">
<conditions>
<condition coverage="0%" number="0" type="jump"/>
</conditions>
</line>
<line branch="false" hits="0" number="172"/>
<line branch="false" hits="0" number="173"/>
<line branch="false" hits="0" number="178"/>
<line branch="false" hits="0" number="179"/>
<line branch="false" hits="0" number="180"/>
<line branch="false" hits="0" number="181"/>
<line branch="false" hits="0" number="184"/>
<line branch="false" hits="0" number="185"/>
<line branch="false" hits="0" number="188"/>
<line branch="false" hits="0" number="189"/>
<line branch="false" hits="0" number="190"/>
</lines>
</class>
<class branch-rate="0.0" complexity="0.0" filename="AnalyzCell.h" line-rate="0.0" name="AnalyzCell_h">
<methods/>
<lines>
<line branch="false" hits="0" number="13"/>
<line branch="false" hits="0" number="14"/>
<line branch="false" hits="0" number="15"/>
<line branch="false" hits="0" number="16"/>
<line branch="false" hits="0" number="17"/>
<line branch="false" hits="0" number="19"/>
<line branch="false" hits="0" number="20"/>
<line branch="false" hits="0" number="21"/>
<line branch="false" hits="0" number="22"/>
<line branch="false" hits="0" number="24"/>
<line branch="false" hits="0" number="25"/>
</lines>
</class>
<class branch-rate="0.0" complexity="0.0" filename="AnalyzCell.m" line-rate="0.0" name="AnalyzCell_m">
<methods/>
<lines>
<line branch="false" hits="0" number="14"/>
<line branch="false" hits="0" number="18"/>
<line branch="false" hits="0" number="21"/>
<line branch="false" hits="0" number="22"/>
<line branch="true" condition-coverage="0% (0/2)" hits="0" number="26">
<conditions>
<condition coverage="0%" number="0" type="jump"/>
</conditions>
</line>
<line branch="false" hits="0" number="27"/>
<line branch="false" hits="0" number="28"/>
<line branch="false" hits="0" number="29"/>
<line branch="false" hits="0" number="30"/>
<line branch="true" condition-coverage="0% (0/2)" hits="0" number="33">
<conditions>
<condition coverage="0%" number="0" type="jump"/>
</conditions>
</line>
<line branch="false" hits="0" number="34"/>
<line branch="false" hits="0" number="35"/>
<line branch="true" condition-coverage="0% (0/2)" hits="0" number="37">
<conditions>
<condition coverage="0%" number="0" type="jump"/>
</conditions>
</line>
<line branch="false" hits="0" number="38"/>
<line branch="true" condition-coverage="0% (0/2)" hits="0" number="39">
<conditions>
<condition coverage="0%" number="0" type="jump"/>
</conditions>
</line>
<line branch="false" hits="0" number="40"/>
<line branch="false" hits="0" number="41"/>
<line branch="false" hits="0" number="42"/>
<line branch="false" hits="0" number="43"/>
<line branch="false" hits="0" number="44"/>
<line branch="false" hits="0" number="45"/>
<line branch="false" hits="0" number="46"/>
<line branch="true" condition-coverage="0% (0/2)" hits="0" number="48">
<conditions>
<condition coverage="0%" number="0" type="jump"/>
</conditions>
</line>
<line branch="false" hits="0" number="51"/>
<line branch="false" hits="0" number="52"/>
<line branch="false" hits="0" number="53"/>
<line branch="false" hits="0" number="54"/>
<line branch="false" hits="0" number="56"/>
<line branch="false" hits="0" number="57"/>
<line branch="false" hits="0" number="58"/>
<line branch="false" hits="0" number="59"/>
<line branch="false" hits="0" number="60"/>
<line branch="false" hits="0" number="61"/>
<line branch="false" hits="0" number="62"/>
<line branch="false" hits="0" number="64"/>
<line branch="false" hits="0" number="65"/>
<line branch="false" hits="0" number="67"/>
<line branch="false" hits="0" number="68"/>
<line branch="false" hits="0" number="69"/>
<line branch="false" hits="0" number="71"/>
<line branch="false" hits="0" number="72"/>
<line branch="true" condition-coverage="0% (0/2)" hits="0" number="73">
<conditions>
<condition coverage="0%" number="0" type="jump"/>
</conditions>
</line>
<line branch="false" hits="0" number="74"/>
<line branch="false" hits="0" number="76"/>
<line branch="false" hits="0" number="78"/>
<line branch="false" hits="0" number="79"/>
<line branch="true" condition-coverage="0% (0/2)" hits="0" number="82">
<conditions>
<condition coverage="0%" number="0" type="jump"/>
</conditions>
</line>
<line branch="false" hits="0" number="83"/>
<line branch="false" hits="0" number="86"/>
<line branch="false" hits="0" number="87"/>
<line branch="false" hits="0" number="89"/>
<line branch="false" hits="0" number="90"/>
<line branch="false" hits="0" number="91"/>
<line branch="false" hits="0" number="92"/>
<line branch="true" condition-coverage="0% (0/2)" hits="0" number="93">
<conditions>
<condition coverage="0%" number="0" type="jump"/>
</conditions>
</line>
<line branch="false" hits="0" number="95"/>
<line branch="false" hits="0" number="96"/>
<line branch="false" hits="0" number="97"/>
<line branch="false" hits="0" number="98"/>
<line branch="true" condition-coverage="0% (0/2)" hits="0" number="101">
<conditions>
<condition coverage="0%" number="0" type="jump"/>
</conditions>
</line>
<line branch="false" hits="0" number="102"/>
<line branch="false" hits="0" number="103"/>
<line branch="false" hits="0" number="104"/>
<line branch="true" condition-coverage="0% (0/2)" hits="0" number="107">
<conditions>
<condition coverage="0%" number="0" type="jump"/>
</conditions>
</line>
<line branch="false" hits="0" number="108"/>
<line branch="false" hits="0" number="109"/>
<line branch="false" hits="0" number="110"/>
<line branch="true" condition-coverage="0% (0/2)" hits="0" number="112">
<conditions>
<condition coverage="0%" number="0" type="jump"/>
</conditions>
</line>
<line branch="false" hits="0" number="113"/>
<line branch="false" hits="0" number="116"/>
<line branch="false" hits="0" number="117"/>
<line branch="false" hits="0" number="118"/>
<line branch="false" hits="0" number="119"/>
<line branch="true" condition-coverage="0% (0/2)" hits="0" number="122">
<conditions>
<condition coverage="0%" number="0" type="jump"/>
</conditions>
</line>
<line branch="false" hits="0" number="123"/>
<line branch="false" hits="0" number="124"/>
<line branch="false" hits="0" number="125"/>
<line branch="true" condition-coverage="0% (0/2)" hits="0" number="126">
<conditions>
<condition coverage="0%" number="0" type="jump"/>
</conditions>
</line>
<line branch="true" condition-coverage="0% (0/2)" hits="0" number="128">
<conditions>
<condition coverage="0%" number="0" type="jump"/>
</conditions>
</line>
<line branch="false" hits="0" number="129"/>
<line branch="true" condition-coverage="0% (0/2)" hits="0" number="131">
<conditions>
<condition coverage="0%" number="0" type="jump"/>
</conditions>
</line>
<line branch="false" hits="0" number="132"/>
<line branch="false" hits="0" number="133"/>
<line branch="false" hits="0" number="134"/>
<line branch="true" condition-coverage="0% (0/2)" hits="0" number="136">
<conditions>
<condition coverage="0%" number="0" type="jump"/>
</conditions>
</line>
<line branch="false" hits="0" number="137"/>
<line branch="false" hits="0" number="138"/>
<line branch="false" hits="0" number="139"/>
<line branch="true" condition-coverage="0% (0/2)" hits="0" number="141">
<conditions>
<condition coverage="0%" number="0" type="jump"/>
</conditions>
</line>
<line branch="false" hits="0" number="142"/>
<line branch="false" hits="0" number="143"/>
<line branch="false" hits="0" number="144"/>
<line branch="false" hits="0" number="145"/>
<line branch="false" hits="0" number="146"/>
<line branch="true" condition-coverage="0% (0/2)" hits="0" number="147">
<conditions>
<condition coverage="0%" number="0" type="jump"/>
</conditions>
</line>
<line branch="false" hits="0" number="148"/>
<line branch="false" hits="0" number="149"/>
<line branch="false" hits="0" number="150"/>
<line branch="false" hits="0" number="152"/>
<line branch="false" hits="0" number="153"/>
<line branch="false" hits="0" number="154"/>
<line branch="false" hits="0" number="155"/>
<line branch="false" hits="0" number="156"/>
<line branch="false" hits="0" number="157"/>
<line branch="false" hits="0" number="158"/>
<line branch="true" condition-coverage="0% (0/2)" hits="0" number="160">
<conditions>
<condition coverage="0%" number="0" type="jump"/>
</conditions>
</line>
<line branch="true" condition-coverage="0% (0/2)" hits="0" number="161">
<conditions>
<condition coverage="0%" number="0" type="jump"/>
</conditions>
</line>
<line branch="true" condition-coverage="0% (0/2)" hits="0" number="162">
<conditions>
<condition coverage="0%" number="0" type="jump"/>
</conditions>
</line>
<line branch="true" condition-coverage="0% (0/2)" hits="0" number="163">
<conditions>
<condition coverage="0%" number="0" type="jump"/>
</conditions>
</line>
<line branch="true" condition-coverage="0% (0/2)" hits="0" number="164">
<conditions>
<condition coverage="0%" number="0" type="jump"/>
</conditions>
</line>
<line branch="false" hits="0" number="167"/>
<line branch="false" hits="0" number="168"/>
<line branch="false" hits="0" number="169"/>
<line branch="false" hits="0" number="172"/>
<line branch="false" hits="0" number="173"/>
<line branch="false" hits="0" number="174"/>
<line branch="false" hits="0" number="175"/>
<line branch="false" hits="0" number="176"/>
<line branch="false" hits="0" number="177"/>
<line branch="false" hits="0" number="178"/>
<line branch="false" hits="0" number="179"/>
<line branch="false" hits="0" number="181"/>
<line branch="false" hits="0" number="182"/>
<line branch="false" hits="0" number="183"/>
<line branch="false" hits="0" number="184"/>
<line branch="false" hits="0" number="186"/>
<line branch="false" hits="0" number="187"/>
<line branch="false" hits="0" number="188"/>
<line branch="false" hits="0" number="189"/>
<line branch="false" hits="0" number="192"/>
<line branch="false" hits="0" number="194"/>
<line branch="false" hits="0" number="195"/>
<line branch="true" condition-coverage="0% (0/6)" hits="0" number="196">
<conditions>
<condition coverage="0%" number="0" type="jump"/>
</conditions>
</line>
<line branch="false" hits="0" number="197"/>
<line branch="false" hits="0" number="198"/>
<line branch="false" hits="0" number="199"/>
<line branch="false" hits="0" number="200"/>
<line branch="false" hits="0" number="201"/>
<line branch="false" hits="0" number="202"/>
<line branch="true" condition-coverage="0% (0/2)" hits="0" number="204">
<conditions>
<condition coverage="0%" number="0" type="jump"/>
</conditions>
</line>
<line branch="true" condition-coverage="0% (0/2)" hits="0" number="205">
<conditions>
<condition coverage="0%" number="0" type="jump"/>
</conditions>
</line>
<line branch="false" hits="0" number="206"/>
<line branch="false" hits="0" number="207"/>
<line branch="false" hits="0" number="208"/>
<line branch="false" hits="0" number="209"/>
<line branch="false" hits="0" number="210"/>
<line branch="false" hits="0" number="211"/>
<line branch="false" hits="0" number="212"/>
<line branch="false" hits="0" number="214"/>
<line branch="true" condition-coverage="0% (0/2)" hits="0" number="216">
<conditions>
<condition coverage="0%" number="0" type="jump"/>
</conditions>
</line>
<line branch="true" condition-coverage="0% (0/2)" hits="0" number="217">
<conditions>
<condition coverage="0%" number="0" type="jump"/>
</conditions>
</line>
<line branch="false" hits="0" number="218"/>
<line branch="false" hits="0" number="219"/>
<line branch="false" hits="0" number="220"/>
<line branch="false" hits="0" number="221"/>
<line branch="false" hits="0" number="222"/>
<line branch="false" hits="0" number="224"/>
<line branch="false" hits="0" number="225"/>
<line branch="false" hits="0" number="227"/>
<line branch="false" hits="0" number="229"/>
<line branch="true" condition-coverage="0% (0/3)" hits="0" number="232">
<conditions>
<condition coverage="0%" number="0" type="jump"/>
</conditions>
</line>
</lines>
</class>
<class branch-rate="0.0" complexity="0.0" filename="AnalyzModel.h" line-rate="0.0" name="AnalyzModel_h">
<methods/>
<lines>
<line branch="false" hits="0" number="13"/>
</lines>
</class>
<class branch-rate="0.0" complexity="0.0" filename="AnalyzModel.m" line-rate="0.0" name="AnalyzModel_m">
<methods/>
<lines>
<line branch="false" hits="0" number="11"/>
<line branch="false" hits="0" number="15"/>
<line branch="false" hits="0" number="16"/>
<line branch="false" hits="0" number="18"/>
<line branch="false" hits="0" number="19"/>
<line branch="false" hits="0" number="21"/>
<line branch="true" condition-coverage="0% (0/4)" hits="0" number="22">
<conditions>
<condition coverage="0%" number="0" type="jump"/>
</conditions>
</line>
<line branch="false" hits="0" number="23"/>
<line branch="true" condition-coverage="0% (0/4)" hits="0" number="24">
<conditions>
<condition coverage="0%" number="0" type="jump"/>
</conditions>
</line>
<line branch="false" hits="0" number="25"/>
<line branch="false" hits="0" number="26"/>
</lines>
</class>
<class branch-rate="0.0" complexity="0.0" filename="AnalyzingCtl.h" line-rate="0.0" name="AnalyzingCtl_h">
<methods/>
<lines>
<line branch="false" hits="0" number="12"/>
<line branch="false" hits="0" number="13"/>
<line branch="false" hits="0" number="14"/>
<line branch="false" hits="0" number="18"/>
<line branch="false" hits="0" number="19"/>
<line branch="false" hits="0" number="20"/>
</lines>
</class>
<class branch-rate="0.0" complexity="0.0" filename="AnalyzingCtl.m" line-rate="0.0" name="AnalyzingCtl_m">
<methods/>
<lines>
<line branch="false" hits="0" number="29"/>
<line branch="false" hits="0" number="30"/>
<line branch="false" hits="0" number="31"/>
<line branch="false" hits="0" number="34"/>
<line branch="false" hits="0" number="39"/>
<line branch="false" hits="0" number="40"/>
<line branch="false" hits="0" number="41"/>
<line branch="false" hits="0" number="42"/>
<line branch="false" hits="0" number="44"/>
<line branch="false" hits="0" number="46"/>
<line branch="false" hits="0" number="47"/>
<line branch="false" hits="0" number="48"/>
<line branch="false" hits="0" number="50"/>
<line branch="false" hits="0" number="51"/>
<line branch="false" hits="0" number="52"/>
<line branch="true" condition-coverage="0% (0/2)" hits="0" number="53">
<conditions>
<condition coverage="0%" number="0" type="jump"/>
</conditions>
</line>
<line branch="false" hits="0" number="54"/>
<line branch="false" hits="0" number="55"/>
<line branch="false" hits="0" number="56"/>
<line branch="false" hits="0" number="57"/>
<line branch="false" hits="0" number="58"/>
<line branch="false" hits="0" number="59"/>
<line branch="false" hits="0" number="61"/>
<line branch="false" hits="0" number="63"/>
<line branch="false" hits="0" number="65"/>
<line branch="false" hits="0" number="66"/>
<line branch="false" hits="0" number="67"/>
<line branch="false" hits="0" number="68"/>
<line branch="false" hits="0" number="69"/>
<line branch="false" hits="0" number="70"/>
<line branch="false" hits="0" number="71"/>
<line branch="false" hits="0" number="72"/>
<line branch="false" hits="0" number="73"/>
<line branch="false" hits="0" number="74"/>
<line branch="false" hits="0" number="75"/>
<line branch="false" hits="0" number="76"/>
<line branch="false" hits="0" number="78"/>
<line branch="false" hits="0" number="79"/>
<line branch="false" hits="0" number="81"/>
<line branch="false" hits="0" number="82"/>
<line branch="false" hits="0" number="83"/>
<line branch="false" hits="0" number="84"/>
<line branch="false" hits="0" number="85"/>
<line branch="false" hits="0" number="86"/>
<line branch="false" hits="0" number="87"/>
<line branch="false" hits="0" number="88"/>
<line branch="false" hits="0" number="90"/>
<line branch="false" hits="0" number="92"/>
<line branch="true" condition-coverage="0% (0/2)" hits="0" number="94">
<conditions>
<condition coverage="0%" number="0" type="jump"/>
</conditions>
</line>
<line branch="false" hits="0" number="95"/>
<line branch="false" hits="0" number="97"/>
<line branch="false" hits="0" number="99"/>
<line branch="false" hits="0" number="100"/>
<line branch="false" hits="0" number="103"/>
<line branch="false" hits="0" number="104"/>
<line branch="true" condition-coverage="0% (0/4)" hits="0" number="105">
<conditions>
<condition coverage="0%" number="0" type="jump"/>
</conditions>
</line>
<line branch="false" hits="0" number="106"/>
<line branch="false" hits="0" number="107"/>
<line branch="false" hits="0" number="108"/>
<line branch="false" hits="0" number="109"/>
<line branch="false" hits="0" number="110"/>
<line branch="false" hits="0" number="111"/>
<line branch="false" hits="0" number="112"/>
<line branch="false" hits="0" number="113"/>
<line branch="false" hits="0" number="115"/>
<line branch="false" hits="0" number="116"/>
<line branch="false" hits="0" number="119"/>
<line branch="false" hits="0" number="120"/>
<line branch="true" condition-coverage="0% (0/2)" hits="0" number="121">
<conditions>
<condition coverage="0%" number="0" type="jump"/>
</conditions>
</line>
<line branch="false" hits="0" number="122"/>
<line branch="false" hits="0" number="123"/>
<line branch="false" hits="0" number="124"/>
<line branch="false" hits="0" number="125"/>
<line branch="false" hits="0" number="126"/>
<line branch="false" hits="0" number="127"/>
<line branch="false" hits="0" number="128"/>
<line branch="false" hits="0" number="129"/>
<line branch="false" hits="0" number="130"/>
<line branch="false" hits="0" number="133"/>
<line branch="false" hits="0" number="134"/>
<line branch="true" condition-coverage="0% (0/2)" hits="0" number="135">
<conditions>
<condition coverage="0%" number="0" type="jump"/>
</conditions>
</line>
<line branch="false" hits="0" number="136"/>
<line branch="false" hits="0" number="137"/>
<line branch="false" hits="0" number="138"/>
<line branch="false" hits="0" number="139"/>
<line branch="false" hits="0" number="140"/>
<line branch="false" hits="0" number="142"/>
<line branch="false" hits="0" number="143"/>
<line branch="true" condition-coverage="0% (0/4)" hits="0" number="146">
<conditions>
<condition coverage="0%" number="0" type="jump"/>
</conditions>
</line>
<line branch="true" condition-coverage="0% (0/2)" hits="0" number="147">
<conditions>
<condition coverage="0%" number="0" type="jump"/>
</conditions>
</line>
<line branch="false" hits="0" number="148"/>
<line branch="false" hits="0" number="149"/>
<line branch="true" condition-coverage="0% (0/4)" hits="0" number="150">
<conditions>
<condition coverage="0%" number="0" type="jump"/>
</conditions>
</line>
<line branch="false" hits="0" number="151"/>
<line branch="true" condition-coverage="0% (0/4)" hits="0" number="156">
<conditions>
<condition coverage="0%" number="0" type="jump"/>
</conditions>
</line>
<line branch="false" hits="0" number="157"/>
<line branch="false" hits="0" number="165"/>
</lines>
</class>
<class branch-rate="0.0" complexity="0.0" filename="AnswerCardCell.h" line-rate="0.0" name="AnswerCardCell_h">
<methods/>
<lines>
<line branch="false" hits="0" number="16"/>
<line branch="false" hits="0" number="17"/>
<line branch="false" hits="0" number="18"/>
<line branch="false" hits="0" number="13"/>
<line branch="false" hits="0" number="21"/>
</lines>
</class>
<class branch-rate="0.0" complexity="0.0" filename="AnswerCardCell.m" line-rate="0.0" name="AnswerCardCell_m">
<methods/>
<lines>
<line branch="false" hits="0" number="12"/>
<line branch="false" hits="0" number="15"/>
<line branch="false" hits="0" number="16"/>
<line branch="false" hits="0" number="17"/>
<line branch="false" hits="0" number="21"/>
<line branch="true" condition-coverage="0% (0/2)" hits="0" number="22">
<conditions>
<condition coverage="0%" number="0" type="jump"/>
</conditions>
</line>
<line branch="false" hits="0" number="23"/>
<line branch="false" hits="0" number="24"/>
<line branch="false" hits="0" number="25"/>
<line branch="false" hits="0" number="28"/>
<line branch="false" hits="0" number="29"/>
<line branch="false" hits="0" number="31"/>
<line branch="true" condition-coverage="0% (0/2)" hits="0" number="32">
<conditions>
<condition coverage="0%" number="0" type="jump"/>
</conditions>
</line>
<line branch="false" hits="0" number="33"/>
<line branch="false" hits="0" number="34"/>
<line branch="false" hits="0" number="35"/>
<line branch="false" hits="0" number="37"/>
<line branch="false" hits="0" number="38"/>
<line branch="false" hits="0" number="39"/>
<line branch="false" hits="0" number="42"/>
<line branch="false" hits="0" number="43"/>
<line branch="false" hits="0" number="44"/>
<line branch="false" hits="0" number="45"/>
<line branch="true" condition-coverage="0% (0/2)" hits="0" number="46">
<conditions>
<condition coverage="0%" number="0" type="jump"/>
</conditions>
</line>
<line branch="false" hits="0" number="47"/>
<line branch="true" condition-coverage="0% (0/2)" hits="0" number="48">
<conditions>
<condition coverage="0%" number="0" type="jump"/>
</conditions>
</line>
<line branch="false" hits="0" number="49"/>
<line branch="false" hits="0" number="50"/>
<line branch="false" hits="0" number="51"/>
<line branch="false" hits="0" number="52"/>
<line branch="true" condition-coverage="0% (0/2)" hits="0" number="53">
<conditions>
<condition coverage="0%" number="0" type="jump"/>
</conditions>
</line>
<line branch="false" hits="0" number="54"/>
<line branch="false" hits="0" number="55"/>
<line branch="false" hits="0" number="57"/>
<line branch="false" hits="0" number="58"/>
<line branch="false" hits="0" number="59"/>
<line branch="false" hits="0" number="60"/>
<line branch="true" condition-coverage="0% (0/2)" hits="0" number="63">
<conditions>
<condition coverage="0%" number="0" type="jump"/>
</conditions>
</line>
<line branch="false" hits="0" number="64"/>
<line branch="false" hits="0" number="65"/>
<line branch="true" condition-coverage="0% (0/2)" hits="0" number="66">
<conditions>
<condition coverage="0%" number="0" type="jump"/>
</conditions>
</line>
<line branch="false" hits="0" number="68"/>
<line branch="true" condition-coverage="0% (0/2)" hits="0" number="69">
<conditions>
<condition coverage="0%" number="0" type="jump"/>
</conditions>
</line>
<line branch="true" condition-coverage="0% (0/6)" hits="0" number="70">
<conditions>
<condition coverage="0%" number="0" type="jump"/>
</conditions>
</line>
<line branch="false" hits="0" number="71"/>
<line branch="true" condition-coverage="0% (0/4)" hits="0" number="72">
<conditions>
<condition coverage="0%" number="0" type="jump"/>
</conditions>
</line>
<line branch="true" condition-coverage="0% (0/2)" hits="0" number="73">
<conditions>
<condition coverage="0%" number="0" type="jump"/>
</conditions>
</line>
<line branch="false" hits="0" number="74"/>
<line branch="false" hits="0" number="75"/>
<line branch="true" condition-coverage="0% (0/4)" hits="0" number="76">
<conditions>
<condition coverage="0%" number="0" type="jump"/>
</conditions>
</line>
<line branch="false" hits="0" number="77"/>
<line branch="false" hits="0" number="78"/>
<line branch="false" hits="0" number="81"/>
<line branch="true" condition-coverage="0% (0/4)" hits="0" number="82">
<conditions>
<condition coverage="0%" number="0" type="jump"/>
</conditions>
</line>
<line branch="false" hits="0" number="83"/>
<line branch="false" hits="0" number="84"/>
<line branch="false" hits="0" number="85"/>
<line branch="false" hits="0" number="86"/>
<line branch="false" hits="0" number="87"/>
<line branch="false" hits="0" number="88"/>
<line branch="false" hits="0" number="89"/>
<line branch="false" hits="0" number="90"/>
<line branch="false" hits="0" number="91"/>
<line branch="false" hits="0" number="92"/>
<line branch="false" hits="0" number="93"/>
<line branch="false" hits="0" number="94"/>
<line branch="true" condition-coverage="0% (0/2)" hits="0" number="95">
<conditions>
<condition coverage="0%" number="0" type="jump"/>
</conditions>
</line>
<line branch="false" hits="0" number="96"/>
<line branch="false" hits="0" number="97"/>
<line branch="false" hits="0" number="98"/>
<line branch="false" hits="0" number="99"/>
<line branch="false" hits="0" number="100"/>
<line branch="false" hits="0" number="101"/>
<line branch="false" hits="0" number="102"/>
<line branch="false" hits="0" number="103"/>
<line branch="false" hits="0" number="104"/>
<line branch="false" hits="0" number="105"/>
</lines>
</class>
<class branch-rate="0.0" complexity="0.0" filename="AnswerModel.h" line-rate="0.0" name="AnswerModel_h">
<methods/>
<lines>
<line branch="false" hits="0" number="12"/>
<line branch="false" hits="0" number="13"/>
<line branch="false" hits="0" number="14"/>
</lines>
</class>
<class branch-rate="0.0" complexity="0.0" filename="AnswerModel.m" line-rate="0.0" name="AnswerModel_m">
<methods/>
<lines>
<line branch="false" hits="0" number="11"/>
<line branch="false" hits="0" number="14"/>
<line branch="false" hits="0" number="15"/>
<line branch="false" hits="0" number="16"/>
<line branch="false" hits="0" number="17"/>
<line branch="false" hits="0" number="18"/>
<line branch="false" hits="0" number="19"/>
<line branch="false" hits="0" number="21"/>
<line branch="true" condition-coverage="0% (0/4)" hits="0" number="22">
<conditions>
<condition coverage="0%" number="0" type="jump"/>
</conditions>
</line>
<line branch="false" hits="0" number="23"/>
<line branch="true" condition-coverage="0% (0/4)" hits="0" number="24">
<conditions>
<condition coverage="0%" number="0" type="jump"/>
</conditions>
</line>
<line branch="false" hits="0" number="25"/>
<line branch="false" hits="0" number="26"/>
</lines>
</class>
<class branch-rate="0.0" complexity="0.0" filename="AnswerSheetCtl.h" line-rate="0.0" name="AnswerSheetCtl_h">
<methods/>
<lines>
<line branch="false" hits="0" number="13"/>
<line branch="false" hits="0" number="14"/>
<line branch="false" hits="0" number="16"/>
<line branch="false" hits="0" number="17"/>
<line branch="false" hits="0" number="18"/>
<line branch="false" hits="0" number="19"/>
<line branch="false" hits="0" number="20"/>
<line branch="false" hits="0" number="21"/>
<line branch="false" hits="0" number="24"/>
<line branch="false" hits="0" number="25"/>
</lines>
</class>
<class branch-rate="0.0" complexity="0.0" filename="AnswerSheetCtl.m" line-rate="0.0" name="AnswerSheetCtl_m">
<methods/>
<lines>
<line branch="false" hits="0" number="12"/>
<line branch="false" hits="0" number="16"/>
<line branch="false" hits="0" number="19"/>
<line branch="false" hits="0" number="20"/>
<line branch="true" condition-coverage="0% (0/2)" hits="0" number="21">
<conditions>
<condition coverage="0%" number="0" type="jump"/>
</conditions>
</line>
<line branch="false" hits="0" number="22"/>
<line branch="false" hits="0" number="23"/>
<line branch="false" hits="0" number="24"/>
<line branch="false" hits="0" number="25"/>
<line branch="false" hits="0" number="29"/>
<line branch="false" hits="0" number="31"/>
<line branch="true" condition-coverage="0% (0/2)" hits="0" number="33">
<conditions>
<condition coverage="0%" number="0" type="jump"/>
</conditions>
</line>
<line branch="false" hits="0" number="34"/>
<line branch="false" hits="0" number="35"/>
<line branch="true" condition-coverage="0% (0/2)" hits="0" number="36">
<conditions>
<condition coverage="0%" number="0" type="jump"/>
</conditions>
</line>
<line branch="true" condition-coverage="0% (0/4)" hits="0" number="37">
<conditions>
<condition coverage="0%" number="0" type="jump"/>
</conditions>
</line>
<line branch="false" hits="0" number="38"/>
<line branch="false" hits="0" number="39"/>
<line branch="false" hits="0" number="40"/>
<line branch="false" hits="0" number="41"/>
<line branch="false" hits="0" number="42"/>
<line branch="false" hits="0" number="43"/>
<line branch="false" hits="0" number="44"/>
<line branch="false" hits="0" number="45"/>
<line branch="false" hits="0" number="46"/>
<line branch="false" hits="0" number="47"/>
<line branch="false" hits="0" number="48"/>
<line branch="false" hits="0" number="49"/>
<line branch="true" condition-coverage="0% (0/2)" hits="0" number="50">
<conditions>
<condition coverage="0%" number="0" type="jump"/>
</conditions>
</line>
<line branch="false" hits="0" number="51"/>
<line branch="false" hits="0" number="52"/>
<line branch="false" hits="0" number="53"/>
<line branch="false" hits="0" number="54"/>
<line branch="false" hits="0" number="55"/>
<line branch="false" hits="0" number="56"/>
<line branch="false" hits="0" number="57"/>
<line branch="false" hits="0" number="58"/>
<line branch="false" hits="0" number="59"/>
<line branch="false" hits="0" number="61"/>
<line branch="true" condition-coverage="0% (0/2)" hits="0" number="64">
<conditions>
<condition coverage="0%" number="0" type="jump"/>
</conditions>
</line>
<line branch="false" hits="0" number="65"/>
<line branch="false" hits="0" number="66"/>
<line branch="false" hits="0" number="67"/>
<line branch="false" hits="0" number="68"/>
<line branch="false" hits="0" number="69"/>
<line branch="false" hits="0" number="70"/>
<line branch="false" hits="0" number="71"/>
<line branch="false" hits="0" number="72"/>
<line branch="false" hits="0" number="74"/>
<line branch="false" hits="0" number="75"/>
<line branch="false" hits="0" number="76"/>
<line branch="false" hits="0" number="78"/>
<line branch="false" hits="0" number="81"/>
<line branch="true" condition-coverage="0% (0/2)" hits="0" number="83">
<conditions>
<condition coverage="0%" number="0" type="jump"/>
</conditions>
</line>
<line branch="false" hits="0" number="84"/>
<line branch="false" hits="0" number="85"/>
<line branch="true" condition-coverage="0% (0/2)" hits="0" number="86">
<conditions>
<condition coverage="0%" number="0" type="jump"/>
</conditions>
</line>
<line branch="false" hits="0" number="88"/>
<line branch="true" condition-coverage="0% (0/2)" hits="0" number="89">
<conditions>
<condition coverage="0%" number="0" type="jump"/>
</conditions>
</line>
<line branch="true" condition-coverage="0% (0/2)" hits="0" number="90">
<conditions>
<condition coverage="0%" number="0" type="jump"/>
</conditions>
</line>
<line branch="false" hits="0" number="91"/>
<line branch="true" condition-coverage="0% (0/4)" hits="0" number="92">
<conditions>
<condition coverage="0%" number="0" type="jump"/>
</conditions>
</line>
<line branch="true" condition-coverage="0% (0/2)" hits="0" number="93">
<conditions>
<condition coverage="0%" number="0" type="jump"/>
</conditions>
</line>
<line branch="false" hits="0" number="94"/>
<line branch="false" hits="0" number="95"/>
<line branch="true" condition-coverage="0% (0/4)" hits="0" number="96">
<conditions>
<condition coverage="0%" number="0" type="jump"/>
</conditions>
</line>
<line branch="false" hits="0" number="97"/>
<line branch="false" hits="0" number="98"/>
<line branch="false" hits="0" number="101"/>
<line branch="true" condition-coverage="0% (0/4)" hits="0" number="102">
<conditions>
<condition coverage="0%" number="0" type="jump"/>
</conditions>
</line>
<line branch="false" hits="0" number="103"/>
<line branch="false" hits="0" number="104"/>
<line branch="false" hits="0" number="105"/>
<line branch="false" hits="0" number="106"/>
<line branch="false" hits="0" number="107"/>
<line branch="false" hits="0" number="108"/>
<line branch="false" hits="0" number="109"/>
<line branch="false" hits="0" number="110"/>
<line branch="false" hits="0" number="111"/>
<line branch="false" hits="0" number="112"/>
<line branch="false" hits="0" number="113"/>
<line branch="false" hits="0" number="114"/>
<line branch="true" condition-coverage="0% (0/2)" hits="0" number="115">
<conditions>
<condition coverage="0%" number="0" type="jump"/>
</conditions>
</line>
<line branch="false" hits="0" number="116"/>
<line branch="false" hits="0" number="117"/>
<line branch="false" hits="0" number="118"/>
<line branch="false" hits="0" number="119"/>
<line branch="false" hits="0" number="120"/>
<line branch="false" hits="0" number="121"/>
<line branch="false" hits="0" number="122"/>
<line branch="false" hits="0" number="123"/>
<line branch="false" hits="0" number="124"/>
<line branch="false" hits="0" number="125"/>
<line branch="false" hits="0" number="128"/>
<line branch="true" condition-coverage="0% (0/2)" hits="0" number="129">
<conditions>
<condition coverage="0%" number="0" type="jump"/>
</conditions>
</line>
<line branch="false" hits="0" number="130"/>
<line branch="false" hits="0" number="131"/>
<line branch="false" hits="0" number="132"/>
<line branch="false" hits="0" number="135"/>
<line branch="false" hits="0" number="137"/>
<line branch="false" hits="0" number="138"/>
<line branch="true" condition-coverage="0% (0/2)" hits="0" number="143">
<conditions>
<condition coverage="0%" number="0" type="jump"/>
</conditions>
</line>
<line branch="false" hits="0" number="144"/>
<line branch="false" hits="0" number="145"/>
<line branch="false" hits="0" number="146"/>
<line branch="false" hits="0" number="147"/>
<line branch="false" hits="0" number="148"/>
<line branch="false" hits="0" number="151"/>
</lines>
</class>
<class branch-rate="0.0" complexity="0.0" filename="AppDelegate.h" line-rate="0.0" name="AppDelegate_h">
<methods/>
<lines>
<line branch="false" hits="0" number="27"/>
<line branch="false" hits="0" number="15"/>
</lines>
</class>
<class branch-rate="0.0" complexity="0.0" filename="AppDelegate.m" line-rate="0.0" name="AppDelegate_m">
<methods/>
<lines>
<line branch="false" hits="0" number="16"/>
<line branch="false" hits="0" number="17"/>
<line branch="false" hits="0" number="18"/>
<line branch="false" hits="0" number="21"/>
<line branch="false" hits="0" number="25"/>
<line branch="false" hits="0" number="26"/>
<line branch="false" hits="0" number="27"/>
<line branch="false" hits="0" number="28"/>
<line branch="false" hits="0" number="29"/>
<line branch="false" hits="0" number="30"/>
<line branch="false" hits="0" number="31"/>
<line branch="false" hits="0" number="32"/>
<line branch="false" hits="0" number="34"/>
<line branch="false" hits="0" number="36"/>
<line branch="false" hits="0" number="37"/>
<line branch="false" hits="0" number="39"/>
<line branch="false" hits="0" number="40"/>
<line branch="false" hits="0" number="42"/>
<line branch="false" hits="0" number="47"/>
<line branch="false" hits="0" number="52"/>
<line branch="false" hits="0" number="56"/>
<line branch="false" hits="0" number="60"/>
<line branch="false" hits="0" number="65"/>
<line branch="false" hits="0" number="66"/>
<line branch="false" hits="0" number="71"/>
<line branch="false" hits="0" number="72"/>
<line branch="false" hits="0" number="73"/>
<line branch="false" hits="0" number="74"/>
<line branch="false" hits="0" number="87"/>
<line branch="false" hits="0" number="88"/>
<line branch="false" hits="0" number="89"/>
<line branch="false" hits="0" number="92"/>
<line branch="false" hits="0" number="95"/>
<line branch="false" hits="0" number="96"/>
<line branch="false" hits="0" number="97"/>
<line branch="false" hits="0" number="98"/>
<line branch="false" hits="0" number="99"/>
<line branch="false" hits="0" number="100"/>
<line branch="false" hits="0" number="101"/>
<line branch="false" hits="0" number="102"/>
<line branch="false" hits="0" number="103"/>
<line branch="false" hits="0" number="104"/>
<line branch="true" condition-coverage="0% (0/2)" hits="0" number="107">
<conditions>
<condition coverage="0%" number="0" type="jump"/>
</conditions>
</line>
<line branch="false" hits="0" number="108"/>
<line branch="false" hits="0" number="109"/>
<line branch="false" hits="0" number="110"/>
<line branch="false" hits="0" number="111"/>
<line branch="false" hits="0" number="114"/>
<line branch="false" hits="0" number="117"/>
<line branch="false" hits="0" number="122"/>
<line branch="false" hits="0" number="123"/>
<line branch="false" hits="0" number="124"/>
<line branch="false" hits="0" number="125"/>
<line branch="true" condition-coverage="0% (0/2)" hits="0" number="126">
<conditions>
<condition coverage="0%" number="0" type="jump"/>
</conditions>
</line>
<line branch="false" hits="0" number="127"/>
<line branch="false" hits="0" number="128"/>
<line branch="false" hits="0" number="129"/>
<line branch="false" hits="0" number="130"/>
<line branch="false" hits="0" number="131"/>
<line branch="false" hits="0" number="132"/>
<line branch="false" hits="0" number="135"/>
<line branch="false" hits="0" number="139"/>
<line branch="true" condition-coverage="0% (0/7)" hits="0" number="143">
<conditions>
<condition coverage="0%" number="0" type="jump"/>
</conditions>
</line>
<line branch="false" hits="0" number="145"/>
<line branch="false" hits="0" number="146"/>
<line branch="false" hits="0" number="148"/>
<line branch="false" hits="0" number="149"/>
<line branch="false" hits="0" number="151"/>
<line branch="false" hits="0" number="152"/>
<line branch="false" hits="0" number="154"/>
<line branch="false" hits="0" number="156"/>
<line branch="true" condition-coverage="0% (0/2)" hits="0" number="157">
<conditions>
<condition coverage="0%" number="0" type="jump"/>
</conditions>
</line>
<line branch="false" hits="0" number="158"/>
<line branch="false" hits="0" number="159"/>
<line branch="false" hits="0" number="160"/>
<line branch="true" condition-coverage="0% (0/2)" hits="0" number="161">
<conditions>
<condition coverage="0%" number="0" type="jump"/>
</conditions>
</line>
<line branch="false" hits="0" number="162"/>
<line branch="false" hits="0" number="163"/>
<line branch="false" hits="0" number="165"/>
<line branch="true" condition-coverage="0% (0/2)" hits="0" number="166">
<conditions>
<condition coverage="0%" number="0" type="jump"/>
</conditions>
</line>
<line branch="false" hits="0" number="167"/>
<line branch="false" hits="0" number="168"/>
<line branch="true" condition-coverage="0% (0/2)" hits="0" number="171">
<conditions>
<condition coverage="0%" number="0" type="jump"/>
</conditions>
</line>
<line branch="false" hits="0" number="172"/>
<line branch="false" hits="0" number="175"/>
<line branch="false" hits="0" number="177"/>
<line branch="false" hits="0" number="178"/>
<line branch="false" hits="0" number="180"/>
<line branch="false" hits="0" number="181"/>
<line branch="false" hits="0" number="183"/>
<line branch="true" condition-coverage="0% (0/3)" hits="0" number="185">
<conditions>
<condition coverage="0%" number="0" type="jump"/>
</conditions>
</line>
<line branch="false" hits="0" number="193"/>
<line branch="false" hits="0" number="194"/>
<line branch="false" hits="0" number="197"/>
<line branch="false" hits="0" number="201"/>
<line branch="false" hits="0" number="202"/>
<line branch="false" hits="0" number="203"/>
<line branch="false" hits="0" number="208"/>
<line branch="false" hits="0" number="209"/>
<line branch="true" condition-coverage="0% (0/2)" hits="0" number="211">
<conditions>
<condition coverage="0%" number="0" type="jump"/>
</conditions>
</line>
<line branch="false" hits="0" number="212"/>
<line branch="false" hits="0" number="213"/>
<line branch="false" hits="0" number="214"/>
<line branch="false" hits="0" number="215"/>
<line branch="false" hits="0" number="216"/>
<line branch="false" hits="0" number="219"/>
<line branch="false" hits="0" number="220"/>
<line branch="true" condition-coverage="0% (0/2)" hits="0" number="223">
<conditions>
<condition coverage="0%" number="0" type="jump"/>
</conditions>
</line>
<line branch="false" hits="0" number="224"/>
<line branch="false" hits="0" number="226"/>
<line branch="false" hits="0" number="227"/>
<line branch="false" hits="0" number="230"/>
<line branch="false" hits="0" number="232"/>
<line branch="false" hits="0" number="264"/>
<line branch="true" condition-coverage="0% (0/2)" hits="0" number="269">
<conditions>
<condition coverage="0%" number="0" type="jump"/>
</conditions>
</line>
<line branch="false" hits="0" number="270"/>
<line branch="false" hits="0" number="272"/>
<line branch="false" hits="0" number="273"/>
<line branch="false" hits="0" number="274"/>
<line branch="false" hits="0" number="275"/>
<line branch="true" condition-coverage="0% (0/2)" hits="0" number="279">
<conditions>
<condition coverage="0%" number="0" type="jump"/>
</conditions>
</line>
<line branch="false" hits="0" number="280"/>
<line branch="false" hits="0" number="285"/>
<line branch="false" hits="0" number="286"/>
<line branch="false" hits="0" number="287"/>
<line branch="false" hits="0" number="288"/>
<line branch="true" condition-coverage="0% (0/2)" hits="0" number="289">
<conditions>
<condition coverage="0%" number="0" type="jump"/>
</conditions>
</line>
<line branch="false" hits="0" number="291"/>
<line branch="false" hits="0" number="292"/>
<line branch="false" hits="0" number="293"/>
<line branch="false" hits="0" number="294"/>
<line branch="false" hits="0" number="295"/>
<line branch="false" hits="0" number="298"/>
<line branch="false" hits="0" number="299"/>
<line branch="false" hits="0" number="302"/>
<line branch="false" hits="0" number="303"/>
<line branch="true" condition-coverage="0% (0/2)" hits="0" number="308">
<conditions>
<condition coverage="0%" number="0" type="jump"/>
</conditions>
</line>
<line branch="false" hits="0" number="309"/>
<line branch="false" hits="0" number="312"/>
<line branch="true" condition-coverage="0% (0/2)" hits="0" number="313">
<conditions>
<condition coverage="0%" number="0" type="jump"/>
</conditions>
</line>
<line branch="false" hits="0" number="314"/>
<line branch="false" hits="0" number="316"/>
<line branch="false" hits="0" number="317"/>
<line branch="false" hits="0" number="318"/>
<line branch="false" hits="0" number="319"/>
<line branch="false" hits="0" number="324"/>
<line branch="true" condition-coverage="0% (0/2)" hits="0" number="325">
<conditions>
<condition coverage="0%" number="0" type="jump"/>
</conditions>
</line>
<line branch="false" hits="0" number="326"/>
<line branch="true" condition-coverage="0% (0/4)" hits="0" number="327">
<conditions>
<condition coverage="0%" number="0" type="jump"/>
</conditions>
</line>
<line branch="false" hits="0" number="330"/>
<line branch="false" hits="0" number="331"/>
<line branch="false" hits="0" number="333"/>
<line branch="false" hits="0" number="334"/>
</lines>
</class>
<class branch-rate="0.0" complexity="0.0" filename="ChatController.h" line-rate="0.0" name="ChatController_h">
<methods/>
<lines>
<line branch="false" hits="0" number="12"/>
<line branch="false" hits="0" number="13"/>
<line branch="false" hits="0" number="14"/>
</lines>
</class>
<class branch-rate="0.0" complexity="0.0" filename="ChatController.m" line-rate="0.0" name="ChatController_m">
<methods/>
<lines>
<line branch="false" hits="0" number="22"/>
<line branch="false" hits="0" number="23"/>
<line branch="false" hits="0" number="24"/>
<line branch="false" hits="0" number="25"/>
<line branch="false" hits="0" number="26"/>
<line branch="false" hits="0" number="27"/>
<line branch="false" hits="0" number="28"/>
<line branch="false" hits="0" number="32"/>
<line branch="false" hits="0" number="35"/>
<line branch="false" hits="0" number="36"/>
<line branch="false" hits="0" number="37"/>
<line branch="false" hits="0" number="38"/>
<line branch="false" hits="0" number="39"/>
<line branch="false" hits="0" number="41"/>
<line branch="true" condition-coverage="0% (0/2)" hits="0" number="42">
<conditions>
<condition coverage="0%" number="0" type="jump"/>
</conditions>
</line>
<line branch="false" hits="0" number="43"/>
<line branch="false" hits="0" number="44"/>
<line branch="false" hits="0" number="45"/>
<line branch="false" hits="0" number="46"/>
<line branch="false" hits="0" number="47"/>
<line branch="false" hits="0" number="49"/>
<line branch="false" hits="0" number="50"/>
<line branch="false" hits="0" number="51"/>
<line branch="false" hits="0" number="52"/>
<line branch="false" hits="0" number="53"/>
<line branch="false" hits="0" number="54"/>
<line branch="false" hits="0" number="55"/>
<line branch="false" hits="0" number="56"/>
<line branch="false" hits="0" number="57"/>
<line branch="false" hits="0" number="58"/>
<line branch="true" condition-coverage="0% (0/2)" hits="0" number="59">
<conditions>
<condition coverage="0%" number="0" type="jump"/>
</conditions>
</line>
<line branch="false" hits="0" number="60"/>
<line branch="false" hits="0" number="61"/>
<line branch="false" hits="0" number="62"/>
<line branch="false" hits="0" number="65"/>
<line branch="false" hits="0" number="66"/>
<line branch="false" hits="0" number="68"/>
<line branch="false" hits="0" number="69"/>
<line branch="false" hits="0" number="76"/>
<line branch="false" hits="0" number="77"/>
<line branch="false" hits="0" number="78"/>
<line branch="false" hits="0" number="79"/>
<line branch="false" hits="0" number="80"/>
<line branch="false" hits="0" number="81"/>
<line branch="false" hits="0" number="83"/>
<line branch="false" hits="0" number="85"/>
<line branch="false" hits="0" number="86"/>
<line branch="false" hits="0" number="88"/>
<line branch="false" hits="0" number="94"/>
<line branch="false" hits="0" number="95"/>
<line branch="true" condition-coverage="0% (0/2)" hits="0" number="96">
<conditions>
<condition coverage="0%" number="0" type="jump"/>
</conditions>
</line>
<line branch="false" hits="0" number="97"/>
<line branch="false" hits="0" number="98"/>
<line branch="false" hits="0" number="99"/>
<line branch="false" hits="0" number="100"/>
<line branch="false" hits="0" number="103"/>
<line branch="false" hits="0" number="104"/>
<line branch="false" hits="0" number="105"/>
<line branch="false" hits="0" number="106"/>
<line branch="false" hits="0" number="107"/>
<line branch="false" hits="0" number="109"/>
<line branch="false" hits="0" number="110"/>
<line branch="false" hits="0" number="111"/>
<line branch="false" hits="0" number="112"/>
<line branch="false" hits="0" number="113"/>
<line branch="false" hits="0" number="116"/>
<line branch="true" condition-coverage="0% (0/2)" hits="0" number="117">
<conditions>
<condition coverage="0%" number="0" type="jump"/>
</conditions>
</line>
<line branch="false" hits="0" number="118"/>
<line branch="false" hits="0" number="119"/>
<line branch="true" condition-coverage="0% (0/8)" hits="0" number="121">
<conditions>
<condition coverage="0%" number="0" type="jump"/>
</conditions>
</line>
<line branch="false" hits="0" number="122"/>
<line branch="false" hits="0" number="124"/>
<line branch="true" condition-coverage="0% (0/2)" hits="0" number="126">
<conditions>
<condition coverage="0%" number="0" type="jump"/>
</conditions>
</line>
<line branch="false" hits="0" number="127"/>
<line branch="true" condition-coverage="0% (0/8)" hits="0" number="128">
<conditions>
<condition coverage="0%" number="0" type="jump"/>
</conditions>
</line>
<line branch="false" hits="0" number="129"/>
<line branch="false" hits="0" number="130"/>
<line branch="false" hits="0" number="132"/>
<line branch="false" hits="0" number="133"/>
<line branch="true" condition-coverage="0% (0/2)" hits="0" number="134">
<conditions>
<condition coverage="0%" number="0" type="jump"/>
</conditions>
</line>
<line branch="false" hits="0" number="135"/>
<line branch="false" hits="0" number="136"/>
<line branch="false" hits="0" number="137"/>
<line branch="false" hits="0" number="138"/>
<line branch="false" hits="0" number="139"/>
<line branch="false" hits="0" number="141"/>
<line branch="false" hits="0" number="142"/>
<line branch="false" hits="0" number="143"/>
<line branch="false" hits="0" number="144"/>
<line branch="false" hits="0" number="146"/>
<line branch="false" hits="0" number="157"/>
<line branch="false" hits="0" number="158"/>
<line branch="false" hits="0" number="161"/>
<line branch="false" hits="0" number="162"/>
<line branch="false" hits="0" number="163"/>
<line branch="false" hits="0" number="164"/>
<line branch="false" hits="0" number="165"/>
<line branch="false" hits="0" number="168"/>
<line branch="false" hits="0" number="169"/>
<line branch="false" hits="0" number="170"/>
<line branch="false" hits="0" number="173"/>
<line branch="false" hits="0" number="174"/>
<line branch="false" hits="0" number="178"/>
<line branch="false" hits="0" number="179"/>
<line branch="true" condition-coverage="0% (0/2)" hits="0" number="180">
<conditions>
<condition coverage="0%" number="0" type="jump"/>
</conditions>
</line>
<line branch="true" condition-coverage="0% (0/2)" hits="0" number="181">
<conditions>
<condition coverage="0%" number="0" type="jump"/>
</conditions>
</line>
<line branch="false" hits="0" number="182"/>
<line branch="false" hits="0" number="183"/>
<line branch="false" hits="0" number="184"/>
<line branch="false" hits="0" number="185"/>
<line branch="false" hits="0" number="186"/>
<line branch="false" hits="0" number="189"/>
<line branch="false" hits="0" number="190"/>
<line branch="false" hits="0" number="194"/>
<line branch="false" hits="0" number="199"/>
<line branch="false" hits="0" number="202"/>
<line branch="false" hits="0" number="203"/>
<line branch="false" hits="0" number="204"/>
<line branch="false" hits="0" number="205"/>
<line branch="false" hits="0" number="208"/>
<line branch="false" hits="0" number="209"/>
<line branch="false" hits="0" number="210"/>
<line branch="false" hits="0" number="211"/>
<line branch="false" hits="0" number="212"/>
<line branch="false" hits="0" number="213"/>
<line branch="false" hits="0" number="214"/>
<line branch="false" hits="0" number="216"/>
<line branch="false" hits="0" number="217"/>
<line branch="false" hits="0" number="219"/>
<line branch="false" hits="0" number="220"/>
<line branch="false" hits="0" number="222"/>
<line branch="false" hits="0" number="225"/>
<line branch="false" hits="0" number="226"/>
<line branch="false" hits="0" number="227"/>
<line branch="false" hits="0" number="228"/>
<line branch="false" hits="0" number="229"/>
<line branch="false" hits="0" number="230"/>
<line branch="false" hits="0" number="231"/>
<line branch="false" hits="0" number="237"/>
<line branch="false" hits="0" number="238"/>
<line branch="false" hits="0" number="239"/>
<line branch="true" condition-coverage="0% (0/2)" hits="0" number="240">
<conditions>
<condition coverage="0%" number="0" type="jump"/>
</conditions>
</line>
<line branch="false" hits="0" number="241"/>
<line branch="false" hits="0" number="242"/>
<line branch="false" hits="0" number="243"/>
<line branch="false" hits="0" number="245"/>
<line branch="false" hits="0" number="246"/>
<line branch="false" hits="0" number="247"/>
<line branch="false" hits="0" number="248"/>
<line branch="false" hits="0" number="250"/>
<line branch="true" condition-coverage="0% (0/2)" hits="0" number="253">
<conditions>
<condition coverage="0%" number="0" type="jump"/>
</conditions>
</line>
<line branch="false" hits="0" number="257"/>
<line branch="false" hits="0" number="258"/>
</lines>
</class>
<class branch-rate="0.0" complexity="0.0" filename="ChatMsgTableViewCell.h" line-rate="0.0" name="ChatMsgTableViewCell_h">
<methods/>
<lines>
<line branch="false" hits="0" number="17"/>
<line branch="false" hits="0" number="15"/>
</lines>
</class>
<class branch-rate="0.0" complexity="0.0" filename="ChatMsgTableViewCell.m" line-rate="0.0" name="ChatMsgTableViewCell_m">
<methods/>
<lines>
<line branch="false" hits="0" number="14"/>
<line branch="false" hits="0" number="15"/>
<line branch="false" hits="0" number="16"/>
<line branch="false" hits="0" number="20"/>
<line branch="true" condition-coverage="0% (0/2)" hits="0" number="23">
<conditions>
<condition coverage="0%" number="0" type="jump"/>
</conditions>
</line>
<line branch="false" hits="0" number="24"/>
<line branch="false" hits="0" number="25"/>
<line branch="false" hits="0" number="26"/>
<line branch="false" hits="0" number="27"/>
<line branch="false" hits="0" number="28"/>
<line branch="false" hits="0" number="29"/>
<line branch="false" hits="0" number="31"/>
<line branch="false" hits="0" number="32"/>
<line branch="false" hits="0" number="33"/>
<line branch="false" hits="0" number="35"/>
<line branch="false" hits="0" number="36"/>
<line branch="false" hits="0" number="37"/>
<line branch="false" hits="0" number="38"/>
<line branch="false" hits="0" number="39"/>
<line branch="false" hits="0" number="40"/>
<line branch="false" hits="0" number="41"/>
<line branch="false" hits="0" number="43"/>
<line branch="false" hits="0" number="44"/>
<line branch="false" hits="0" number="45"/>
<line branch="false" hits="0" number="46"/>
<line branch="false" hits="0" number="49"/>
<line branch="false" hits="0" number="51"/>
<line branch="false" hits="0" number="53"/>
<line branch="true" condition-coverage="0% (0/2)" hits="0" number="54">
<conditions>
<condition coverage="0%" number="0" type="jump"/>
</conditions>
</line>
<line branch="true" condition-coverage="0% (0/2)" hits="0" number="56">
<conditions>
<condition coverage="0%" number="0" type="jump"/>
</conditions>
</line>
<line branch="false" hits="0" number="57"/>
<line branch="false" hits="0" number="58"/>
<line branch="false" hits="0" number="59"/>
<line branch="true" condition-coverage="0% (0/2)" hits="0" number="61">
<conditions>
<condition coverage="0%" number="0" type="jump"/>
</conditions>
</line>
<line branch="false" hits="0" number="63"/>
<line branch="true" condition-coverage="0% (0/2)" hits="0" number="64">
<conditions>
<condition coverage="0%" number="0" type="jump"/>
</conditions>
</line>
<line branch="true" condition-coverage="0% (0/2)" hits="0" number="65">
<conditions>
<condition coverage="0%" number="0" type="jump"/>
</conditions>
</line>
<line branch="false" hits="0" number="66"/>
<line branch="false" hits="0" number="67"/>
<line branch="false" hits="0" number="68"/>
<line branch="false" hits="0" number="69"/>
<line branch="false" hits="0" number="70"/>
<line branch="false" hits="0" number="71"/>
<line branch="false" hits="0" number="72"/>
<line branch="false" hits="0" number="73"/>
<line branch="false" hits="0" number="74"/>
<line branch="false" hits="0" number="75"/>
<line branch="false" hits="0" number="76"/>
<line branch="false" hits="0" number="80"/>
<line branch="true" condition-coverage="0% (0/2)" hits="0" number="81">
<conditions>
<condition coverage="0%" number="0" type="jump"/>
</conditions>
</line>
<line branch="false" hits="0" number="82"/>
<line branch="false" hits="0" number="83"/>
<line branch="false" hits="0" number="84"/>
<line branch="false" hits="0" number="85"/>
</lines>
</class>
<class branch-rate="0.0" complexity="0.0" filename="CommentModel.h" line-rate="0.0" name="CommentModel_h">
<methods/>
<lines>
<line branch="false" hits="0" number="14"/>
<line branch="false" hits="0" number="15"/>
<line branch="false" hits="0" number="16"/>
<line branch="false" hits="0" number="17"/>
<line branch="false" hits="0" number="18"/>
<line branch="false" hits="0" number="19"/>
<line branch="false" hits="0" number="20"/>
<line branch="false" hits="0" number="21"/>
<line branch="false" hits="0" number="22"/>
<line branch="false" hits="0" number="23"/>
<line branch="false" hits="0" number="24"/>
<line branch="false" hits="0" number="26"/>
<line branch="false" hits="0" number="27"/>
</lines>
</class>
<class branch-rate="0.0" complexity="0.0" filename="CommentModel.m" line-rate="0.0" name="CommentModel_m">
<methods/>
<lines>
<line branch="false" hits="0" number="16"/>
<line branch="false" hits="0" number="34"/>
<line branch="false" hits="0" number="35"/>
<line branch="false" hits="0" number="36"/>
<line branch="false" hits="0" number="37"/>
<line branch="false" hits="0" number="38"/>
<line branch="false" hits="0" number="39"/>
<line branch="false" hits="0" number="40"/>
<line branch="false" hits="0" number="46"/>
<line branch="false" hits="0" number="47"/>
<line branch="false" hits="0" number="48"/>
<line branch="false" hits="0" number="49"/>
<line branch="true" condition-coverage="0% (0/2)" hits="0" number="21">
<conditions>
<condition coverage="0%" number="0" type="jump"/>
</conditions>
</line>
<line branch="false" hits="0" number="23"/>
<line branch="false" hits="0" number="26"/>
<line branch="false" hits="0" number="27"/>
<line branch="false" hits="0" number="28"/>
<line branch="false" hits="0" number="29"/>
<line branch="true" condition-coverage="0% (0/4)" hits="0" number="30">
<conditions>
<condition coverage="0%" number="0" type="jump"/>
</conditions>
</line>
<line branch="false" hits="0" number="31"/>
</lines>
</class>
<class branch-rate="0.0" complexity="0.0" filename="CommuicationCell.h" line-rate="0.0" name="CommuicationCell_h">
<methods/>
<lines>
<line branch="false" hits="0" number="14"/>
<line branch="false" hits="0" number="16"/>
<line branch="false" hits="0" number="17"/>
<line branch="false" hits="0" number="18"/>
<line branch="false" hits="0" number="19"/>
<line branch="false" hits="0" number="20"/>
</lines>
</class>
<class branch-rate="0.0" complexity="0.0" filename="CommuicationCell.m" line-rate="0.0" name="CommuicationCell_m">
<methods/>
<lines>
<line branch="false" hits="0" number="129"/>
<line branch="true" condition-coverage="0% (0/2)" hits="0" number="130">
<conditions>
<condition coverage="0%" number="0" type="jump"/>
</conditions>
</line>
<line branch="true" condition-coverage="0% (0/2)" hits="0" number="131">
<conditions>
<condition coverage="0%" number="0" type="jump"/>
</conditions>
</line>
[...]
<line branch="false" hits="0" number="22"/>
<line branch="false" hits="0" number="23"/>
<line branch="false" hits="0" number="24"/>
<line branch="false" hits="0" number="29"/>
<line branch="false" hits="0" number="30"/>
<line branch="false" hits="0" number="32"/>
<line branch="false" hits="0" number="33"/>
<line branch="false" hits="0" number="35"/>
<line branch="false" hits="0" number="36"/>
<line branch="false" hits="0" number="38"/>
<line branch="false" hits="0" number="39"/>
<line branch="false" hits="0" number="41"/>
<line branch="false" hits="0" number="45"/>
<line branch="true" condition-coverage="0% (0/2)" hits="0" number="46">
<conditions>
<condition coverage="0%" number="0" type="jump"/>
</conditions>
</line>
<line branch="false" hits="0" number="47"/>
<line branch="false" hits="0" number="48"/>
<line branch="false" hits="0" number="50"/>
<line branch="false" hits="0" number="52"/>
<line branch="false" hits="0" number="53"/>
<line branch="false" hits="0" number="55"/>
<line branch="false" hits="0" number="57"/>
<line branch="false" hits="0" number="58"/>
<line branch="false" hits="0" number="59"/>
<line branch="false" hits="0" number="60"/>
<line branch="false" hits="0" number="61"/>
<line branch="false" hits="0" number="62"/>
<line branch="false" hits="0" number="63"/>
<line branch="false" hits="0" number="64"/>
<line branch="false" hits="0" number="69"/>
<line branch="false" hits="0" number="71"/>
</lines>
</class>
<class branch-rate="0.0" complexity="0.0" filename="TestViewController.m" line-rate="0.0" name="TestViewController_m">
<methods/>
<lines>
<line branch="false" hits="0" number="17"/>
<line branch="false" hits="0" number="21"/>
<line branch="false" hits="0" number="24"/>
<line branch="false" hits="0" number="27"/>
<line branch="true" condition-coverage="0% (0/4)" hits="0" number="29">
<conditions>
<condition coverage="0%" number="0" type="jump"/>
</conditions>
</line>
<line branch="false" hits="0" number="30"/>
<line branch="false" hits="0" number="31"/>
<line branch="false" hits="0" number="32"/>
<line branch="false" hits="0" number="33"/>
<line branch="false" hits="0" number="34"/>
<line branch="false" hits="0" number="35"/>
<line branch="false" hits="0" number="37"/>
<line branch="false" hits="0" number="38"/>
<line branch="false" hits="0" number="43"/>
<line branch="false" hits="0" number="48"/>
<line branch="false" hits="0" number="52"/>
<line branch="true" condition-coverage="0% (0/2)" hits="0" number="53">
<conditions>
<condition coverage="0%" number="0" type="jump"/>
</conditions>
</line>
<line branch="false" hits="0" number="54"/>
<line branch="false" hits="0" number="55"/>
<line branch="false" hits="0" number="57"/>
<line branch="false" hits="0" number="58"/>
<line branch="false" hits="0" number="59"/>
<line branch="false" hits="0" number="63"/>
<line branch="false" hits="0" number="67"/>
<line branch="true" condition-coverage="0% (0/2)" hits="0" number="69">
<conditions>
<condition coverage="0%" number="0" type="jump"/>
</conditions>
</line>
<line branch="false" hits="0" number="70"/>
<line branch="false" hits="0" number="71"/>
<line branch="false" hits="0" number="72"/>
<line branch="false" hits="0" number="76"/>
<line branch="false" hits="0" number="77"/>
<line branch="false" hits="0" number="80"/>
<line branch="false" hits="0" number="81"/>
<line branch="false" hits="0" number="86"/>
<line branch="false" hits="0" number="89"/>
<line branch="false" hits="0" number="91"/>
</lines>
</class>
<class branch-rate="0.0" complexity="0.0" filename="TwoModel.h" line-rate="0.0" name="TwoModel_h">
<methods/>
<lines>
<line branch="false" hits="0" number="17"/>
<line branch="false" hits="0" number="20"/>
<line branch="false" hits="0" number="29"/>
<line branch="false" hits="0" number="23"/>
</lines>
</class>
<class branch-rate="0.0" complexity="0.0" filename="TwoModel.m" line-rate="0.0" name="TwoModel_m">
<methods/>
<lines>
<line branch="false" hits="0" number="11"/>
<line branch="false" hits="0" number="14"/>
<line branch="true" condition-coverage="0% (0/4)" hits="0" number="15">
<conditions>
<condition coverage="0%" number="0" type="jump"/>
</conditions>
</line>
<line branch="false" hits="0" number="16"/>
<line branch="true" condition-coverage="0% (0/4)" hits="0" number="17">
<conditions>
<condition coverage="0%" number="0" type="jump"/>
</conditions>
</line>
<line branch="false" hits="0" number="18"/>
<line branch="false" hits="0" number="19"/>
<line branch="false" hits="0" number="23"/>
<line branch="false" hits="0" number="25"/>
<line branch="false" hits="0" number="26"/>
<line branch="false" hits="0" number="27"/>
<line branch="false" hits="0" number="28"/>
<line branch="false" hits="0" number="30"/>
<line branch="false" hits="0" number="31"/>
</lines>
</class>
<class branch-rate="0.192307692308" complexity="0.0" filename="UIView+Extension.m" line-rate="0.238095238095" name="UIView+Extension_m">
<methods/>
<lines>
<line branch="false" hits="33554432" number="129"/>
<line branch="false" hits="33554432" number="130"/>
<line branch="false" hits="33554432" number="131"/>
<line branch="false" hits="33554432" number="132"/>
<line branch="true" condition-coverage="0% (0/2)" hits="0" number="8">
<conditions>
<condition coverage="0%" number="0" type="jump"/>
</conditions>
</line>
<line branch="false" hits="0" number="10"/>
<line branch="false" hits="0" number="11"/>
<line branch="false" hits="0" number="12"/>
<line branch="false" hits="0" number="13"/>
<line branch="false" hits="0" number="14"/>
<line branch="false" hits="0" number="15"/>
<line branch="false" hits="0" number="16"/>
<line branch="false" hits="0" number="17"/>
<line branch="false" hits="0" number="18"/>
<line branch="false" hits="0" number="19"/>
<line branch="false" hits="0" number="20"/>
<line branch="false" hits="0" number="21"/>
<line branch="false" hits="0" number="22"/>
<line branch="false" hits="0" number="23"/>
<line branch="false" hits="0" number="24"/>
<line branch="false" hits="0" number="25"/>
<line branch="false" hits="0" number="26"/>
<line branch="false" hits="0" number="27"/>
<line branch="true" condition-coverage="50% (1/2)" hits="201326592" number="33">
<conditions>
<condition coverage="50%" number="0" type="jump"/>
</conditions>
</line>
<line branch="false" hits="100663296" number="34"/>
<line branch="false" hits="100663296" number="35"/>
<line branch="false" hits="100663296" number="36"/>
<line branch="true" condition-coverage="0% (0/2)" hits="0" number="40">
<conditions>
<condition coverage="0%" number="0" type="jump"/>
</conditions>
</line>
<line branch="false" hits="0" number="41"/>
<line branch="false" hits="0" number="42"/>
<line branch="false" hits="0" number="43"/>
<line branch="true" condition-coverage="0% (0/2)" hits="0" number="47">
<conditions>
<condition coverage="0%" number="0" type="jump"/>
</conditions>
</line>
<line branch="true" condition-coverage="0% (0/2)" hits="0" number="52">
<conditions>
<condition coverage="0%" number="0" type="jump"/>
</conditions>
</line>
<line branch="false" hits="0" number="57"/>
<line branch="false" hits="0" number="58"/>
<line branch="false" hits="0" number="59"/>
<line branch="false" hits="0" number="60"/>
<line branch="false" hits="0" number="64"/>
<line branch="false" hits="0" number="69"/>
<line branch="false" hits="0" number="70"/>
<line branch="false" hits="0" number="71"/>
<line branch="false" hits="0" number="72"/>
<line branch="false" hits="0" number="76"/>
<line branch="true" condition-coverage="0% (0/2)" hits="0" number="81">
<conditions>
<condition coverage="0%" number="0" type="jump"/>
</conditions>
</line>
<line branch="false" hits="0" number="82"/>
<line branch="false" hits="0" number="83"/>
<line branch="false" hits="0" number="84"/>
<line branch="true" condition-coverage="0% (0/2)" hits="0" number="88">
<conditions>
<condition coverage="0%" number="0" type="jump"/>
</conditions>
</line>
<line branch="false" hits="0" number="89"/>
<line branch="false" hits="0" number="90"/>
<line branch="false" hits="0" number="91"/>
<line branch="true" condition-coverage="50% (1/2)" hits="50331648" number="95">
<conditions>
<condition coverage="50%" number="0" type="jump"/>
</conditions>
</line>
<line branch="true" condition-coverage="0% (0/2)" hits="0" number="100">
<conditions>
<condition coverage="0%" number="0" type="jump"/>
</conditions>
</line>
<line branch="true" condition-coverage="0% (0/2)" hits="0" number="105">
<conditions>
<condition coverage="0%" number="0" type="jump"/>
</conditions>
</line>
<line branch="false" hits="0" number="106"/>
<line branch="false" hits="0" number="107"/>
<line branch="false" hits="0" number="108"/>
<line branch="true" condition-coverage="50% (1/2)" hits="905969664" number="112">
<conditions>
<condition coverage="50%" number="0" type="jump"/>
</conditions>
</line>
<line branch="true" condition-coverage="50% (1/2)" hits="1308622848" number="117">
<conditions>
<condition coverage="50%" number="0" type="jump"/>
</conditions>
</line>
<line branch="false" hits="654311424" number="118"/>
<line branch="false" hits="654311424" number="119"/>
<line branch="false" hits="654311424" number="120"/>
<line branch="true" condition-coverage="50% (1/2)" hits="1811939328" number="124">
<conditions>
<condition coverage="50%" number="0" type="jump"/>
</conditions>
</line>
</lines>
</class>
<class branch-rate="0.0" complexity="0.0" filename="UserInfoController.h" line-rate="0.0" name="UserInfoController_h">
<methods/>
<lines>
<line branch="false" hits="0" number="13"/>
</lines>
</class>
<class branch-rate="0.0" complexity="0.0" filename="UserInfoController.m" line-rate="0.0" name="UserInfoController_m">
<methods/>
<lines>
<line branch="false" hits="0" number="14"/>
<line branch="false" hits="0" number="15"/>
<line branch="false" hits="0" number="16"/>
<line branch="false" hits="0" number="20"/>
<line branch="false" hits="0" number="23"/>
<line branch="false" hits="0" number="25"/>
<line branch="false" hits="0" number="27"/>
<line branch="false" hits="0" number="28"/>
<line branch="false" hits="0" number="29"/>
<line branch="false" hits="0" number="31"/>
<line branch="false" hits="0" number="35"/>
<line branch="false" hits="0" number="36"/>
<line branch="false" hits="0" number="38"/>
<line branch="true" condition-coverage="0% (0/4)" hits="0" number="40">
<conditions>
<condition coverage="0%" number="0" type="jump"/>
</conditions>
</line>
<line branch="false" hits="0" number="41"/>
<line branch="false" hits="0" number="42"/>
<line branch="false" hits="0" number="43"/>
<line branch="false" hits="0" number="44"/>
<line branch="false" hits="0" number="45"/>
<line branch="false" hits="0" number="49"/>
<line branch="false" hits="0" number="50"/>
<line branch="false" hits="0" number="51"/>
<line branch="false" hits="0" number="52"/>
<line branch="false" hits="0" number="55"/>
<line branch="true" condition-coverage="0% (0/2)" hits="0" number="58">
<conditions>
<condition coverage="0%" number="0" type="jump"/>
</conditions>
</line>
<line branch="false" hits="0" number="59"/>
<line branch="false" hits="0" number="60"/>
<line branch="false" hits="0" number="61"/>
<line branch="false" hits="0" number="62"/>
<line branch="false" hits="0" number="63"/>
<line branch="false" hits="0" number="64"/>
<line branch="true" condition-coverage="0% (0/2)" hits="0" number="66">
<conditions>
<condition coverage="0%" number="0" type="jump"/>
</conditions>
</line>
<line branch="false" hits="0" number="67"/>
<line branch="false" hits="0" number="68"/>
<line branch="false" hits="0" number="69"/>
<line branch="false" hits="0" number="70"/>
<line branch="false" hits="0" number="71"/>
<line branch="false" hits="0" number="72"/>
<line branch="false" hits="0" number="78"/>
<line branch="true" condition-coverage="0% (0/2)" hits="0" number="81">
<conditions>
<condition coverage="0%" number="0" type="jump"/>
</conditions>
</line>
<line branch="false" hits="0" number="82"/>
<line branch="false" hits="0" number="83"/>
<line branch="false" hits="0" number="84"/>
<line branch="false" hits="0" number="85"/>
<line branch="false" hits="0" number="86"/>
<line branch="false" hits="0" number="87"/>
<line branch="false" hits="0" number="89"/>
<line branch="true" condition-coverage="0% (0/2)" hits="0" number="94">
<conditions>
<condition coverage="0%" number="0" type="jump"/>
</conditions>
</line>
<line branch="false" hits="0" number="95"/>
<line branch="false" hits="0" number="97"/>
<line branch="false" hits="0" number="100"/>
<line branch="false" hits="0" number="104"/>
<line branch="true" condition-coverage="0% (0/2)" hits="0" number="106">
<conditions>
<condition coverage="0%" number="0" type="jump"/>
</conditions>
</line>
<line branch="false" hits="0" number="107"/>
<line branch="false" hits="0" number="109"/>
<line branch="false" hits="0" number="113"/>
<line branch="false" hits="0" number="116"/>
<line branch="false" hits="0" number="117"/>
<line branch="true" condition-coverage="0% (0/2)" hits="0" number="118">
<conditions>
<condition coverage="0%" number="0" type="jump"/>
</conditions>
</line>
<line branch="false" hits="0" number="119"/>
<line branch="true" condition-coverage="0% (0/2)" hits="0" number="120">
<conditions>
<condition coverage="0%" number="0" type="jump"/>
</conditions>
</line>
<line branch="false" hits="0" number="121"/>
<line branch="false" hits="0" number="122"/>
<line branch="false" hits="0" number="123"/>
<line branch="false" hits="0" number="124"/>
<line branch="false" hits="0" number="128"/>
<line branch="false" hits="0" number="129"/>
<line branch="false" hits="0" number="132"/>
<line branch="true" condition-coverage="0% (0/2)" hits="0" number="134">
<conditions>
<condition coverage="0%" number="0" type="jump"/>
</conditions>
</line>
<line branch="false" hits="0" number="135"/>
<line branch="false" hits="0" number="136"/>
<line branch="false" hits="0" number="137"/>
<line branch="true" condition-coverage="0% (0/2)" hits="0" number="138">
<conditions>
<condition coverage="0%" number="0" type="jump"/>
</conditions>
</line>
<line branch="false" hits="0" number="139"/>
<line branch="false" hits="0" number="142"/>
<line branch="false" hits="0" number="144"/>
<line branch="false" hits="0" number="145"/>
<line branch="false" hits="0" number="146"/>
<line branch="false" hits="0" number="156"/>
<line branch="false" hits="0" number="158"/>
<line branch="false" hits="0" number="162"/>
<line branch="false" hits="0" number="163"/>
<line branch="false" hits="0" number="164"/>
<line branch="false" hits="0" number="165"/>
<line branch="true" condition-coverage="0% (0/2)" hits="0" number="166">
<conditions>
<condition coverage="0%" number="0" type="jump"/>
</conditions>
</line>
<line branch="false" hits="0" number="167"/>
<line branch="false" hits="0" number="168"/>
<line branch="false" hits="0" number="169"/>
<line branch="false" hits="0" number="173"/>
<line branch="false" hits="0" number="177"/>
<line branch="false" hits="0" number="178"/>
<line branch="false" hits="0" number="179"/>
<line branch="false" hits="0" number="182"/>
<line branch="false" hits="0" number="183"/>
<line branch="false" hits="0" number="184"/>
<line branch="false" hits="0" number="187"/>
<line branch="false" hits="0" number="188"/>
<line branch="false" hits="0" number="189"/>
</lines>
</class>
<class branch-rate="0.0" complexity="0.0" filename="ValidateString.m" line-rate="1.0" name="ValidateString_m">
<methods/>
<lines>
<line branch="false" hits="512" number="32"/>
<line branch="false" hits="1792" number="14"/>
<line branch="false" hits="1792" number="15"/>
<line branch="false" hits="1792" number="16"/>
<line branch="false" hits="1792" number="17"/>
<line branch="false" hits="768" number="21"/>
<line branch="false" hits="768" number="23"/>
<line branch="false" hits="768" number="25"/>
<line branch="false" hits="768" number="27"/>
<line branch="false" hits="512" number="29"/>
<line branch="false" hits="512" number="30"/>
<line branch="false" hits="512" number="31"/>
</lines>
</class>
<class branch-rate="0.0" complexity="0.0" filename="main.m" line-rate="0.0" name="main_m">
<methods/>
<lines>
<line branch="false" hits="0" number="16"/>
<line branch="false" hits="0" number="13"/>
<line branch="false" hits="0" number="14"/>
<line branch="false" hits="0" number="15"/>
</lines>
</class>
<class branch-rate="0.0" complexity="0.0" filename="photoCtl.h" line-rate="0.0" name="photoCtl_h">
<methods/>
<lines>
<line branch="false" hits="0" number="12"/>
<line branch="false" hits="0" number="13"/>
<line branch="false" hits="0" number="14"/>
</lines>
</class>
<class branch-rate="0.0" complexity="0.0" filename="photoCtl.m" line-rate="0.0" name="photoCtl_m">
<methods/>
<lines>
<line branch="false" hits="0" number="16"/>
<line branch="false" hits="0" number="19"/>
<line branch="false" hits="0" number="20"/>
<line branch="false" hits="0" number="21"/>
<line branch="false" hits="0" number="22"/>
<line branch="false" hits="0" number="24"/>
<line branch="false" hits="0" number="26"/>
<line branch="true" condition-coverage="0% (0/2)" hits="0" number="27">
<conditions>
<condition coverage="0%" number="0" type="jump"/>
</conditions>
</line>
<line branch="false" hits="0" number="28"/>
<line branch="false" hits="0" number="29"/>
<line branch="false" hits="0" number="30"/>
<line branch="true" condition-coverage="0% (0/2)" hits="0" number="31">
<conditions>
<condition coverage="0%" number="0" type="jump"/>
</conditions>
</line>
<line branch="false" hits="0" number="32"/>
<line branch="false" hits="0" number="33"/>
<line branch="false" hits="0" number="34"/>
<line branch="false" hits="0" number="37"/>
<line branch="false" hits="0" number="39"/>
<line branch="false" hits="0" number="41"/>
<line branch="false" hits="0" number="42"/>
<line branch="true" condition-coverage="0% (0/4)" hits="0" number="44">
<conditions>
<condition coverage="0%" number="0" type="jump"/>
</conditions>
</line>
<line branch="true" condition-coverage="0% (0/2)" hits="0" number="46">
<conditions>
<condition coverage="0%" number="0" type="jump"/>
</conditions>
</line>
<line branch="false" hits="0" number="47"/>
<line branch="true" condition-coverage="0% (0/2)" hits="0" number="48">
<conditions>
<condition coverage="0%" number="0" type="jump"/>
</conditions>
</line>
<line branch="false" hits="0" number="49"/>
<line branch="false" hits="0" number="51"/>
<line branch="false" hits="0" number="52"/>
<line branch="false" hits="0" number="53"/>
<line branch="false" hits="0" number="54"/>
<line branch="false" hits="0" number="55"/>
<line branch="true" condition-coverage="0% (0/2)" hits="0" number="59">
<conditions>
<condition coverage="0%" number="0" type="jump"/>
</conditions>
</line>
<line branch="true" condition-coverage="0% (0/2)" hits="0" number="60">
<conditions>
<condition coverage="0%" number="0" type="jump"/>
</conditions>
</line>
<line branch="false" hits="0" number="61"/>
<line branch="false" hits="0" number="62"/>
<line branch="false" hits="0" number="63"/>
<line branch="false" hits="0" number="64"/>
<line branch="false" hits="0" number="65"/>
<line branch="true" condition-coverage="0% (0/2)" hits="0" number="66">
<conditions>
<condition coverage="0%" number="0" type="jump"/>
</conditions>
</line>
<line branch="false" hits="0" number="67"/>
<line branch="false" hits="0" number="68"/>
<line branch="false" hits="0" number="69"/>
<line branch="false" hits="0" number="71"/>
<line branch="false" hits="0" number="73"/>
<line branch="false" hits="0" number="74"/>
<line branch="true" condition-coverage="0% (0/4)" hits="0" number="76">
<conditions>
<condition coverage="0%" number="0" type="jump"/>
</conditions>
</line>
<line branch="false" hits="0" number="77"/>
<line branch="false" hits="0" number="78"/>
<line branch="true" condition-coverage="0% (0/2)" hits="0" number="79">
<conditions>
<condition coverage="0%" number="0" type="jump"/>
</conditions>
</line>
<line branch="false" hits="0" number="81"/>
</lines>
</class>
</classes>
</package>
</packages>
</coverage>

